  [4;36;1mSQL (0.1ms)[0m   [0;1mSET SQL_AUTO_IS_NULL=0[0m
  [4;35;1mSQL (0.2ms)[0m   [0mSHOW TABLES[0m
  [4;36;1mSQL (4.1ms)[0m   [0;1mCREATE TABLE `schema_migrations` (`version` varchar(255) NOT NULL) ENGINE=InnoDB[0m
  [4;35;1mSQL (12.8ms)[0m   [0mCREATE UNIQUE INDEX `unique_schema_migrations` ON `schema_migrations` (`version`)[0m
  [4;36;1mSQL (0.2ms)[0m   [0;1mSHOW TABLES[0m
  [4;35;1mSQL (0.2ms)[0m   [0mSELECT version FROM schema_migrations[0m
Migrating to CreateConstants (20090123122436)
  [4;36;1mSQL (3.6ms)[0m   [0;1mCREATE TABLE `constants` (`id` int(11) DEFAULT NULL auto_increment PRIMARY KEY, `name` varchar(255) DEFAULT '', `value` varchar(255) DEFAULT '', `server_type` varchar(255) DEFAULT '', `lang` varchar(255) DEFAULT '', `cast_as` varchar(255) DEFAULT '', `array` tinyint(1) DEFAULT 0, `active` tinyint(1) DEFAULT 1, `created_at` datetime, `updated_at` datetime) ENGINE=InnoDB[0m
  [4;35;1mSQL (9.1ms)[0m   [0mCREATE INDEX `index_constants_on_server_type` ON `constants` (`server_type`)[0m
  [4;36;1mSQL (8.6ms)[0m   [0;1mCREATE INDEX `index_constants_on_active` ON `constants` (`active`)[0m
  [4;35;1mSQL (8.5ms)[0m   [0mCREATE INDEX `index_constants_on_server_type_and_active` ON `constants` (`server_type`, `active`)[0m
  [4;36;1mSQL (8.8ms)[0m   [0;1mCREATE INDEX `index_constants_on_server_type_and_active_and_name` ON `constants` (`server_type`, `active`, `name`)[0m
  [4;35;1mSQL (10.9ms)[0m   [0mCREATE INDEX `index_constants_on_name` ON `constants` (`name`)[0m
  [4;36;1mSQL (27.2ms)[0m   [0;1mCREATE INDEX `index_constants_on_lang` ON `constants` (`lang`)[0m
  [4;35;1mSQL (11.5ms)[0m   [0mCREATE INDEX `index_constants_on_cast_as` ON `constants` (`cast_as`)[0m
  [4;36;1mSQL (0.1ms)[0m   [0;1mSET SQL_AUTO_IS_NULL=0[0m
  [4;35;1mSQL (0.2ms)[0m   [0mSHOW TABLES[0m
  [4;36;1mSQL (0.1ms)[0m   [0;1mSELECT version FROM schema_migrations[0m
  [4;35;1mSQL (0.1ms)[0m   [0mSHOW TABLES[0m
  [4;36;1mSQL (0.0ms)[0m   [0;1mSELECT version FROM schema_migrations[0m
Migrating to CreateConstants (20090123122436)
  [4;35;1mSQL (0.0ms)[0m   [0mMysql::Error: Table 'constants' already exists: CREATE TABLE `constants` (`id` int(11) DEFAULT NULL auto_increment PRIMARY KEY, `name` varchar(255) DEFAULT '', `value` varchar(255) DEFAULT '', `server_type` varchar(255) DEFAULT '', `lang` varchar(255) DEFAULT '', `cast_as` varchar(255) DEFAULT '', `array` tinyint(1) DEFAULT 0, `active` tinyint(1) DEFAULT 1, `created_at` datetime, `updated_at` datetime) ENGINE=InnoDB[0m
  [4;36;1mSQL (0.1ms)[0m   [0;1mSET SQL_AUTO_IS_NULL=0[0m
  [4;35;1mSQL (0.2ms)[0m   [0mSHOW TABLES[0m
  [4;36;1mSQL (0.1ms)[0m   [0;1mSELECT version FROM schema_migrations[0m
Migrating to CreateConstants (20090123122436)
  [4;35;1mSQL (39.1ms)[0m   [0mCREATE TABLE `constants` (`id` int(11) DEFAULT NULL auto_increment PRIMARY KEY, `name` varchar(255) DEFAULT '', `value` varchar(255) DEFAULT '', `server_type` varchar(255) DEFAULT '', `lang` varchar(255) DEFAULT '', `cast_as` varchar(255) DEFAULT '', `array` tinyint(1) DEFAULT 0, `active` tinyint(1) DEFAULT 1, `created_at` datetime, `updated_at` datetime) ENGINE=InnoDB[0m
  [4;36;1mSQL (4.7ms)[0m   [0;1mCREATE INDEX `index_constants_on_server_type` ON `constants` (`server_type`)[0m
  [4;35;1mSQL (4.8ms)[0m   [0mCREATE INDEX `index_constants_on_active` ON `constants` (`active`)[0m
  [4;36;1mSQL (4.5ms)[0m   [0;1mCREATE INDEX `index_constants_on_server_type_and_active` ON `constants` (`server_type`, `active`)[0m
  [4;35;1mSQL (5.2ms)[0m   [0mCREATE INDEX `index_constants_on_server_type_and_active_and_name` ON `constants` (`server_type`, `active`, `name`)[0m
  [4;36;1mSQL (5.2ms)[0m   [0;1mCREATE INDEX `index_constants_on_name` ON `constants` (`name`)[0m
  [4;35;1mSQL (5.2ms)[0m   [0mCREATE INDEX `index_constants_on_lang` ON `constants` (`lang`)[0m
  [4;36;1mSQL (6.7ms)[0m   [0;1mCREATE INDEX `index_constants_on_cast_as` ON `constants` (`cast_as`)[0m
  [4;35;1mConstant Load (0.4ms)[0m   [0mSELECT * FROM `constants` WHERE (`constants`.`active` = 1 AND `constants`.`name` = 'server_type') LIMIT 1[0m
  [4;36;1mConstant Load (0.2ms)[0m   [0;1mSELECT * FROM `constants` WHERE ((server_type = '' OR server_type = '') AND active AND NOT name = '') [0m
  [4;35;1mConstant Columns (0.6ms)[0m   [0mSHOW FIELDS FROM `constants`[0m
  [4;36;1mSQL (0.0ms)[0m   [0;1mBEGIN[0m
  [4;35;1mConstant Create (0.2ms)[0m   [0mINSERT INTO `constants` (`name`, `server_type`, `created_at`, `updated_at`, `array`, `value`, `lang`, `cast_as`, `active`) VALUES('server_type', '', '2009-11-21 20:05:38', '2009-11-21 20:05:38', 0, 'dev', '', '', 1)[0m
  [4;36;1mSQL (0.4ms)[0m   [0;1mCOMMIT[0m
  [4;35;1mSQL (0.1ms)[0m   [0mBEGIN[0m
  [4;36;1mConstant Create (0.2ms)[0m   [0;1mINSERT INTO `constants` (`name`, `server_type`, `created_at`, `updated_at`, `array`, `value`, `lang`, `cast_as`, `active`) VALUES('server_type', '', '2009-11-21 20:05:38', '2009-11-21 20:05:38', 0, 'prod', '', '', 0)[0m
  [4;35;1mSQL (0.4ms)[0m   [0mCOMMIT[0m
  [4;36;1mSQL (0.0ms)[0m   [0;1mBEGIN[0m
  [4;35;1mConstant Create (0.1ms)[0m   [0mINSERT INTO `constants` (`name`, `server_type`, `created_at`, `updated_at`, `array`, `value`, `lang`, `cast_as`, `active`) VALUES('server_type', '', '2009-11-21 20:05:38', '2009-11-21 20:05:38', 0, 'test', '', '', 0)[0m
  [4;36;1mSQL (0.4ms)[0m   [0;1mCOMMIT[0m
  [4;35;1mSQL (0.4ms)[0m   [0mINSERT INTO schema_migrations (version) VALUES ('20090123122436')[0m
  [4;36;1mSQL (0.2ms)[0m   [0;1mSHOW TABLES[0m
  [4;35;1mSQL (0.1ms)[0m   [0mSELECT version FROM schema_migrations[0m
  [4;36;1mSQL (0.1ms)[0m   [0;1mSHOW TABLES[0m
  [4;35;1mSQL (0.6ms)[0m   [0mSHOW FIELDS FROM `constants`[0m
  [4;36;1mSQL (0.5ms)[0m   [0;1mdescribe `constants`[0m
  [4;35;1mSQL (0.6ms)[0m   [0mSHOW KEYS FROM `constants`[0m
  [4;36;1mSQL (0.1ms)[0m   [0;1mSET SQL_AUTO_IS_NULL=0[0m
  [4;35;1mSQL (0.2ms)[0m   [0mSHOW TABLES[0m
  [4;36;1mSQL (0.1ms)[0m   [0;1mSELECT version FROM schema_migrations[0m
Migrating to CreateConstants (20090123122436)
Migrating to CreateUsers (20091121201534)
  [4;35;1mSQL (6.6ms)[0m   [0mCREATE TABLE `users` (`id` int(11) DEFAULT NULL auto_increment PRIMARY KEY, `email` varchar(255) NOT NULL, `password` varchar(255), `first_name` varchar(255) DEFAULT '', `last_name` varchar(255) DEFAULT '', `verified` tinyint(1) DEFAULT 0, `created_at` datetime, `updated_at` datetime) ENGINE=InnoDB[0m
  [4;36;1mSQL (30.3ms)[0m   [0;1mCREATE UNIQUE INDEX `index_users_on_email` ON `users` (`email`)[0m
  [4;35;1mSQL (0.4ms)[0m   [0mINSERT INTO schema_migrations (version) VALUES ('20091121201534')[0m
  [4;36;1mSQL (0.2ms)[0m   [0;1mSHOW TABLES[0m
  [4;35;1mSQL (0.1ms)[0m   [0mSELECT version FROM schema_migrations[0m
  [4;36;1mSQL (0.1ms)[0m   [0;1mSHOW TABLES[0m
  [4;35;1mSQL (0.6ms)[0m   [0mSHOW FIELDS FROM `constants`[0m
  [4;36;1mSQL (2.7ms)[0m   [0;1mdescribe `constants`[0m
  [4;35;1mSQL (0.4ms)[0m   [0mSHOW KEYS FROM `constants`[0m
  [4;36;1mSQL (0.6ms)[0m   [0;1mSHOW FIELDS FROM `users`[0m
  [4;35;1mSQL (0.5ms)[0m   [0mdescribe `users`[0m
  [4;36;1mSQL (0.2ms)[0m   [0;1mSHOW KEYS FROM `users`[0m
  [4;36;1mSQL (0.2ms)[0m   [0;1mSET SQL_AUTO_IS_NULL=0[0m
  [4;35;1mSQL (0.6ms)[0m   [0mSHOW TABLES[0m
  [4;36;1mUser Columns (1.9ms)[0m   [0;1mSHOW FIELDS FROM `users`[0m
  [4;36;1mSQL (0.2ms)[0m   [0;1mSET SQL_AUTO_IS_NULL=0[0m
  [4;35;1mSQL (0.4ms)[0m   [0mSHOW TABLES[0m
  [4;36;1mUser Columns (1.7ms)[0m   [0;1mSHOW FIELDS FROM `users`[0m
  [4;36;1mSQL (0.2ms)[0m   [0;1mSET SQL_AUTO_IS_NULL=0[0m
  [4;35;1mUser Columns (1.7ms)[0m   [0mSHOW FIELDS FROM `users`[0m
  [4;36;1mSQL (0.2ms)[0m   [0;1mBEGIN[0m
  [4;35;1mSQL (0.2ms)[0m   [0mROLLBACK[0m
  [4;36;1mSQL (0.2ms)[0m   [0;1mSET SQL_AUTO_IS_NULL=0[0m
  [4;35;1mUser Columns (1.6ms)[0m   [0mSHOW FIELDS FROM `users`[0m
  [4;36;1mSQL (0.2ms)[0m   [0;1mBEGIN[0m
  [4;35;1mSQL (0.2ms)[0m   [0mROLLBACK[0m
  [4;36;1mSQL (0.2ms)[0m   [0;1mBEGIN[0m
  [4;35;1mSQL (0.1ms)[0m   [0mROLLBACK[0m
  [4;36;1mSQL (0.1ms)[0m   [0;1mSET SQL_AUTO_IS_NULL=0[0m
  [4;35;1mUser Columns (0.6ms)[0m   [0mSHOW FIELDS FROM `users`[0m
  [4;36;1mSQL (0.2ms)[0m   [0;1mSET SQL_AUTO_IS_NULL=0[0m
  [4;35;1mUser Columns (1.8ms)[0m   [0mSHOW FIELDS FROM `users`[0m
  [4;36;1mSQL (0.4ms)[0m   [0;1mBEGIN[0m
  [4;35;1mSQL (0.3ms)[0m   [0mROLLBACK[0m
  [4;36;1mSQL (0.2ms)[0m   [0;1mBEGIN[0m
  [4;35;1mSQL (0.1ms)[0m   [0mROLLBACK[0m
  [4;36;1mSQL (0.2ms)[0m   [0;1mBEGIN[0m
  [4;35;1mSQL (0.1ms)[0m   [0mROLLBACK[0m
  [4;36;1mSQL (0.3ms)[0m   [0;1mSET SQL_AUTO_IS_NULL=0[0m
  [4;35;1mUser Columns (1.7ms)[0m   [0mSHOW FIELDS FROM `users`[0m
  [4;36;1mSQL (0.1ms)[0m   [0;1mBEGIN[0m
  [4;35;1mSQL (0.2ms)[0m   [0mROLLBACK[0m
  [4;36;1mSQL (0.2ms)[0m   [0;1mSET SQL_AUTO_IS_NULL=0[0m
  [4;35;1mUser Columns (2.2ms)[0m   [0mSHOW FIELDS FROM `users`[0m
  [4;36;1mSQL (0.2ms)[0m   [0;1mBEGIN[0m
  [4;35;1mSQL (0.2ms)[0m   [0mROLLBACK[0m
  [4;36;1mSQL (0.2ms)[0m   [0;1mBEGIN[0m
  [4;35;1mSQL (0.1ms)[0m   [0mROLLBACK[0m
  [4;36;1mSQL (0.4ms)[0m   [0;1mSET SQL_AUTO_IS_NULL=0[0m
  [4;35;1mUser Columns (2.0ms)[0m   [0mSHOW FIELDS FROM `users`[0m
  [4;36;1mSQL (0.2ms)[0m   [0;1mBEGIN[0m
  [4;35;1mSQL (0.2ms)[0m   [0mROLLBACK[0m
  [4;36;1mSQL (0.2ms)[0m   [0;1mSET SQL_AUTO_IS_NULL=0[0m
  [4;35;1mUser Columns (1.7ms)[0m   [0mSHOW FIELDS FROM `users`[0m
  [4;36;1mSQL (0.2ms)[0m   [0;1mBEGIN[0m
  [4;35;1mSQL (0.1ms)[0m   [0mROLLBACK[0m
  [4;36;1mSQL (0.2ms)[0m   [0;1mSET SQL_AUTO_IS_NULL=0[0m
  [4;35;1mUser Columns (1.5ms)[0m   [0mSHOW FIELDS FROM `users`[0m
  [4;36;1mSQL (0.2ms)[0m   [0;1mBEGIN[0m
  [4;35;1mSQL (0.2ms)[0m   [0mROLLBACK[0m
  [4;36;1mSQL (0.3ms)[0m   [0;1mSET SQL_AUTO_IS_NULL=0[0m
  [4;35;1mUser Columns (3.3ms)[0m   [0mSHOW FIELDS FROM `users`[0m
  [4;36;1mSQL (0.2ms)[0m   [0;1mBEGIN[0m
  [4;35;1mSQL (0.2ms)[0m   [0mROLLBACK[0m
  [4;36;1mSQL (0.2ms)[0m   [0;1mSET SQL_AUTO_IS_NULL=0[0m
  [4;35;1mUser Columns (1.8ms)[0m   [0mSHOW FIELDS FROM `users`[0m
  [4;36;1mSQL (0.1ms)[0m   [0;1mBEGIN[0m
  [4;35;1mSQL (0.1ms)[0m   [0mROLLBACK[0m
  [4;36;1mSQL (0.2ms)[0m   [0;1mSET SQL_AUTO_IS_NULL=0[0m
  [4;35;1mUser Columns (1.4ms)[0m   [0mSHOW FIELDS FROM `users`[0m
  [4;36;1mSQL (0.1ms)[0m   [0;1mBEGIN[0m
  [4;35;1mSQL (0.2ms)[0m   [0mROLLBACK[0m
  [4;36;1mSQL (0.2ms)[0m   [0;1mSET SQL_AUTO_IS_NULL=0[0m
  [4;35;1mUser Columns (1.7ms)[0m   [0mSHOW FIELDS FROM `users`[0m
  [4;36;1mSQL (0.2ms)[0m   [0;1mBEGIN[0m
  [4;35;1mSQL (0.2ms)[0m   [0mROLLBACK[0m
  [4;36;1mSQL (0.2ms)[0m   [0;1mSET SQL_AUTO_IS_NULL=0[0m
  [4;35;1mUser Columns (1.7ms)[0m   [0mSHOW FIELDS FROM `users`[0m
  [4;36;1mSQL (0.3ms)[0m   [0;1mBEGIN[0m
  [4;35;1mSQL (0.2ms)[0m   [0mROLLBACK[0m
  [4;36;1mSQL (0.2ms)[0m   [0;1mSET SQL_AUTO_IS_NULL=0[0m
  [4;35;1mUser Columns (1.7ms)[0m   [0mSHOW FIELDS FROM `users`[0m
  [4;36;1mSQL (0.1ms)[0m   [0;1mBEGIN[0m
  [4;35;1mSQL (0.2ms)[0m   [0mROLLBACK[0m
  [4;36;1mSQL (0.2ms)[0m   [0;1mSET SQL_AUTO_IS_NULL=0[0m
  [4;35;1mUser Columns (1.7ms)[0m   [0mSHOW FIELDS FROM `users`[0m
  [4;36;1mSQL (0.2ms)[0m   [0;1mBEGIN[0m
  [4;35;1mSQL (0.2ms)[0m   [0mROLLBACK[0m
  [4;36;1mSQL (0.2ms)[0m   [0;1mSET SQL_AUTO_IS_NULL=0[0m
  [4;35;1mUser Columns (2.0ms)[0m   [0mSHOW FIELDS FROM `users`[0m
  [4;36;1mSQL (0.2ms)[0m   [0;1mBEGIN[0m
  [4;35;1mSQL (0.2ms)[0m   [0mROLLBACK[0m
  [4;36;1mSQL (0.8ms)[0m   [0;1mBEGIN[0m
  [4;35;1mUser Create (0.5ms)[0m   [0mINSERT INTO `users` (`created_at`, `updated_at`, `last_name`, `verified`, `password`, `email`, `first_name`) VALUES('2009-11-21 22:50:56', '2009-11-21 22:50:56', 'Martin', 0, '005d343c2e2bdf0eb71e2880fef54140', 'rlmartin@gmail.com', 'Ryan')[0m
  [4;36;1mSQL (4.2ms)[0m   [0;1mCOMMIT[0m
  [4;36;1mSQL (0.2ms)[0m   [0;1mSET SQL_AUTO_IS_NULL=0[0m
  [4;35;1mUser Columns (1.7ms)[0m   [0mSHOW FIELDS FROM `users`[0m
  [4;36;1mSQL (0.4ms)[0m   [0;1mBEGIN[0m
  [4;35;1mSQL (0.2ms)[0m   [0mROLLBACK[0m
  [4;36;1mSQL (1.5ms)[0m   [0;1mBEGIN[0m
  [4;35;1mUser Create (0.5ms)[0m   [0mINSERT INTO `users` (`created_at`, `updated_at`, `last_name`, `verified`, `password`, `email`, `first_name`) VALUES('2009-11-21 23:04:43', '2009-11-21 23:04:43', 'ffff', 0, '9990775155c3518a0d7917f7780b24aa', 'rlmartin1@gmail.com', 'sss')[0m
  [4;36;1mSQL (2.3ms)[0m   [0;1mCOMMIT[0m
  [4;35;1mSQL (0.2ms)[0m   [0mBEGIN[0m
  [4;36;1mUser Create (0.4ms)[0m   [0;1mINSERT INTO `users` (`created_at`, `updated_at`, `last_name`, `verified`, `password`, `email`, `first_name`) VALUES('2009-11-21 23:04:54', '2009-11-21 23:04:54', 'ffff', 0, '9990775155c3518a0d7917f7780b24aa', 'rlmartin2@gmail.com', 'sss')[0m
  [4;35;1mSQL (6.2ms)[0m   [0mCOMMIT[0m
  [4;36;1mSQL (0.1ms)[0m   [0;1mSET SQL_AUTO_IS_NULL=0[0m
  [4;35;1mSQL (0.2ms)[0m   [0mSHOW TABLES[0m
  [4;36;1mSQL (0.2ms)[0m   [0;1mSELECT version FROM schema_migrations[0m
  [4;35;1mSQL (0.1ms)[0m   [0mSHOW TABLES[0m
  [4;36;1mSQL (0.1ms)[0m   [0;1mSELECT version FROM schema_migrations[0m
Migrating to CreateUsers (20091121201534)
  [4;35;1mSQL (3.3ms)[0m   [0mDROP TABLE `users`[0m
  [4;36;1mSQL (0.5ms)[0m   [0;1mDELETE FROM schema_migrations WHERE version = '20091121201534'[0m
Migrating to CreateConstants (20090123122436)
  [4;35;1mSQL (1.4ms)[0m   [0mDROP TABLE `constants`[0m
  [4;36;1mSQL (0.5ms)[0m   [0;1mDELETE FROM schema_migrations WHERE version = '20090123122436'[0m
  [4;35;1mSQL (0.2ms)[0m   [0mSHOW TABLES[0m
  [4;36;1mSQL (0.1ms)[0m   [0;1mSELECT version FROM schema_migrations[0m
  [4;35;1mSQL (0.1ms)[0m   [0mSHOW TABLES[0m
  [4;36;1mSQL (0.1ms)[0m   [0;1mSET SQL_AUTO_IS_NULL=0[0m
  [4;35;1mSQL (0.2ms)[0m   [0mSHOW TABLES[0m
  [4;36;1mSQL (0.1ms)[0m   [0;1mSELECT version FROM schema_migrations[0m
Migrating to CreateConstants (20090123122436)
  [4;35;1mSQL (7.3ms)[0m   [0mCREATE TABLE `constants` (`id` int(11) DEFAULT NULL auto_increment PRIMARY KEY, `name` varchar(255) DEFAULT '', `value` varchar(255) DEFAULT '', `server_type` varchar(255) DEFAULT '', `lang` varchar(255) DEFAULT '', `cast_as` varchar(255) DEFAULT '', `array` tinyint(1) DEFAULT 0, `active` tinyint(1) DEFAULT 1, `created_at` datetime, `updated_at` datetime) ENGINE=InnoDB[0m
  [4;36;1mSQL (4.3ms)[0m   [0;1mCREATE INDEX `index_constants_on_server_type` ON `constants` (`server_type`)[0m
  [4;35;1mSQL (4.6ms)[0m   [0mCREATE INDEX `index_constants_on_active` ON `constants` (`active`)[0m
  [4;36;1mSQL (4.5ms)[0m   [0;1mCREATE INDEX `index_constants_on_server_type_and_active` ON `constants` (`server_type`, `active`)[0m
  [4;35;1mSQL (9.8ms)[0m   [0mCREATE INDEX `index_constants_on_server_type_and_active_and_name` ON `constants` (`server_type`, `active`, `name`)[0m
  [4;36;1mSQL (5.0ms)[0m   [0;1mCREATE INDEX `index_constants_on_name` ON `constants` (`name`)[0m
  [4;35;1mSQL (33.2ms)[0m   [0mCREATE INDEX `index_constants_on_lang` ON `constants` (`lang`)[0m
  [4;36;1mSQL (7.3ms)[0m   [0;1mCREATE INDEX `index_constants_on_cast_as` ON `constants` (`cast_as`)[0m
  [4;35;1mConstant Load (0.5ms)[0m   [0mSELECT * FROM `constants` WHERE (`constants`.`active` = 1 AND `constants`.`name` = 'server_type') LIMIT 1[0m
  [4;36;1mConstant Load (0.3ms)[0m   [0;1mSELECT * FROM `constants` WHERE ((server_type = '' OR server_type = '') AND active AND NOT name = '') [0m
  [4;35;1mConstant Columns (0.9ms)[0m   [0mSHOW FIELDS FROM `constants`[0m
  [4;36;1mSQL (0.1ms)[0m   [0;1mBEGIN[0m
  [4;35;1mConstant Create (0.7ms)[0m   [0mINSERT INTO `constants` (`name`, `server_type`, `created_at`, `updated_at`, `array`, `value`, `lang`, `cast_as`, `active`) VALUES('server_type', '', '2009-11-22 12:05:59', '2009-11-22 12:05:59', 0, 'dev', '', '', 1)[0m
  [4;36;1mSQL (0.5ms)[0m   [0;1mCOMMIT[0m
  [4;35;1mSQL (0.1ms)[0m   [0mBEGIN[0m
  [4;36;1mConstant Create (0.4ms)[0m   [0;1mINSERT INTO `constants` (`name`, `server_type`, `created_at`, `updated_at`, `array`, `value`, `lang`, `cast_as`, `active`) VALUES('server_type', '', '2009-11-22 12:05:59', '2009-11-22 12:05:59', 0, 'prod', '', '', 0)[0m
  [4;35;1mSQL (0.5ms)[0m   [0mCOMMIT[0m
  [4;36;1mSQL (0.1ms)[0m   [0;1mBEGIN[0m
  [4;35;1mConstant Create (0.4ms)[0m   [0mINSERT INTO `constants` (`name`, `server_type`, `created_at`, `updated_at`, `array`, `value`, `lang`, `cast_as`, `active`) VALUES('server_type', '', '2009-11-22 12:05:59', '2009-11-22 12:05:59', 0, 'test', '', '', 0)[0m
  [4;36;1mSQL (0.5ms)[0m   [0;1mCOMMIT[0m
  [4;35;1mSQL (0.6ms)[0m   [0mINSERT INTO schema_migrations (version) VALUES ('20090123122436')[0m
Migrating to CreateUsers (20091121201534)
  [4;36;1mSQL (6.0ms)[0m   [0;1mCREATE TABLE `users` (`id` int(11) DEFAULT NULL auto_increment PRIMARY KEY, `email` varchar(255) NOT NULL, `username` varchar(255) NOT NULL, `password` varchar(255), `first_name` varchar(255) DEFAULT '', `last_name` varchar(255) DEFAULT '', `verified` tinyint(1) DEFAULT 0, `verification_code` varchar(255) DEFAULT '', `created_at` datetime, `updated_at` datetime) ENGINE=InnoDB[0m
  [4;35;1mSQL (8.0ms)[0m   [0mCREATE UNIQUE INDEX `index_users_on_email` ON `users` (`email`)[0m
  [4;36;1mSQL (8.7ms)[0m   [0;1mCREATE UNIQUE INDEX `index_users_on_username` ON `users` (`username`)[0m
  [4;35;1mSQL (0.8ms)[0m   [0mINSERT INTO schema_migrations (version) VALUES ('20091121201534')[0m
  [4;36;1mSQL (0.5ms)[0m   [0;1mSHOW TABLES[0m
  [4;35;1mSQL (0.3ms)[0m   [0mSELECT version FROM schema_migrations[0m
  [4;36;1mSQL (0.3ms)[0m   [0;1mSHOW TABLES[0m
  [4;35;1mSQL (1.9ms)[0m   [0mSHOW FIELDS FROM `constants`[0m
  [4;36;1mSQL (1.6ms)[0m   [0;1mdescribe `constants`[0m
  [4;35;1mSQL (1.2ms)[0m   [0mSHOW KEYS FROM `constants`[0m
  [4;36;1mSQL (1.8ms)[0m   [0;1mSHOW FIELDS FROM `users`[0m
  [4;35;1mSQL (1.7ms)[0m   [0mdescribe `users`[0m
  [4;36;1mSQL (0.6ms)[0m   [0;1mSHOW KEYS FROM `users`[0m
  [4;36;1mSQL (0.2ms)[0m   [0;1mSET SQL_AUTO_IS_NULL=0[0m
  [4;35;1mSQL (0.5ms)[0m   [0mSHOW TABLES[0m
  [4;36;1mUser Columns (1.9ms)[0m   [0;1mSHOW FIELDS FROM `users`[0m
  [4;35;1mSQL (0.2ms)[0m   [0mSET SQL_AUTO_IS_NULL=0[0m
  [4;36;1mUser Columns (2.0ms)[0m   [0;1mSHOW FIELDS FROM `users`[0m
  [4;35;1mSQL (0.2ms)[0m   [0mBEGIN[0m
  [4;36;1mSQL (0.2ms)[0m   [0;1mROLLBACK[0m
  [4;35;1mSQL (0.2ms)[0m   [0mSET SQL_AUTO_IS_NULL=0[0m
  [4;36;1mUser Columns (1.6ms)[0m   [0;1mSHOW FIELDS FROM `users`[0m
  [4;35;1mSQL (0.2ms)[0m   [0mBEGIN[0m
  [4;36;1mSQL (0.1ms)[0m   [0;1mROLLBACK[0m
  [4;35;1mSQL (0.1ms)[0m   [0mSET SQL_AUTO_IS_NULL=0[0m
  [4;36;1mUser Columns (0.7ms)[0m   [0;1mSHOW FIELDS FROM `users`[0m
  [4;35;1mSQL (0.1ms)[0m   [0mBEGIN[0m
  [4;36;1mSQL (0.1ms)[0m   [0;1mROLLBACK[0m
  [4;35;1mSQL (0.2ms)[0m   [0mSET SQL_AUTO_IS_NULL=0[0m
  [4;36;1mUser Columns (2.1ms)[0m   [0;1mSHOW FIELDS FROM `users`[0m
  [4;35;1mSQL (0.2ms)[0m   [0mBEGIN[0m
  [4;36;1mSQL (0.1ms)[0m   [0;1mROLLBACK[0m
  [4;35;1mSQL (0.2ms)[0m   [0mSET SQL_AUTO_IS_NULL=0[0m
  [4;36;1mUser Columns (2.9ms)[0m   [0;1mSHOW FIELDS FROM `users`[0m
  [4;35;1mSQL (0.4ms)[0m   [0mBEGIN[0m
  [4;36;1mUser Exists (0.5ms)[0m   [0;1mSELECT `users`.id FROM `users` WHERE (`users`.`email` = BINARY 'rlmartin@gmail.com') LIMIT 1[0m
  [4;35;1mUser Exists (0.3ms)[0m   [0mSELECT `users`.id FROM `users` WHERE (`users`.`username` = BINARY 'ryan') LIMIT 1[0m
  [4;36;1mUser Create (0.6ms)[0m   [0;1mINSERT INTO `users` (`created_at`, `updated_at`, `username`, `last_name`, `verified`, `verification_code`, `password`, `email`, `first_name`) VALUES('2009-11-22 12:22:49', '2009-11-22 12:22:49', 'ryan', 'Martin', 0, 'rlmartin@gmail.com1258892569.73284', '005d343c2e2bdf0eb71e2880fef54140', 'rlmartin@gmail.com', 'Ryan')[0m
  [4;35;1mSQL (5.9ms)[0m   [0mCOMMIT[0m
  [4;36;1mSQL (0.2ms)[0m   [0;1mBEGIN[0m
  [4;35;1mUser Exists (0.5ms)[0m   [0mSELECT `users`.id FROM `users` WHERE (`users`.`email` = BINARY 'rlmartin@gmail.com') LIMIT 1[0m
  [4;36;1mUser Exists (0.6ms)[0m   [0;1mSELECT `users`.id FROM `users` WHERE (`users`.`username` = BINARY 'ryan') LIMIT 1[0m
  [4;35;1mSQL (0.3ms)[0m   [0mROLLBACK[0m
  [4;36;1mSQL (0.2ms)[0m   [0;1mSET SQL_AUTO_IS_NULL=0[0m
  [4;35;1mUser Columns (1.9ms)[0m   [0mSHOW FIELDS FROM `users`[0m
  [4;36;1mSQL (0.2ms)[0m   [0;1mBEGIN[0m
  [4;35;1mUser Exists (0.2ms)[0m   [0mSELECT `users`.id FROM `users` WHERE (`users`.`email` = BINARY 'rlmartin@gmail.com') LIMIT 1[0m
  [4;36;1mUser Exists (0.2ms)[0m   [0;1mSELECT `users`.id FROM `users` WHERE (`users`.`username` = BINARY 'ryan') LIMIT 1[0m
  [4;35;1mSQL (0.2ms)[0m   [0mROLLBACK[0m
  [4;36;1mSQL (0.2ms)[0m   [0;1mBEGIN[0m
  [4;35;1mUser Exists (0.6ms)[0m   [0mSELECT `users`.id FROM `users` WHERE (`users`.`email` = BINARY 'rlmartin2@gmail.com') LIMIT 1[0m
  [4;36;1mUser Exists (0.2ms)[0m   [0;1mSELECT `users`.id FROM `users` WHERE (`users`.`username` = BINARY 'ryan') LIMIT 1[0m
  [4;35;1mSQL (0.3ms)[0m   [0mROLLBACK[0m
  [4;36;1mSQL (2.2ms)[0m   [0;1mBEGIN[0m
  [4;35;1mUser Exists (0.5ms)[0m   [0mSELECT `users`.id FROM `users` WHERE (`users`.`email` = BINARY 'rlmartin2@gmail.com') LIMIT 1[0m
  [4;36;1mUser Exists (0.4ms)[0m   [0;1mSELECT `users`.id FROM `users` WHERE (`users`.`username` = BINARY 'ryan2') LIMIT 1[0m
  [4;35;1mUser Create (0.5ms)[0m   [0mINSERT INTO `users` (`created_at`, `updated_at`, `username`, `last_name`, `verified`, `verification_code`, `password`, `email`, `first_name`) VALUES('2009-11-22 12:23:52', '2009-11-22 12:23:52', 'ryan2', 'Martin', 0, '4374aa89f9e4f450eebdde1f21a81920', '005d343c2e2bdf0eb71e2880fef54140', 'rlmartin2@gmail.com', 'Ryan')[0m
  [4;36;1mSQL (5.8ms)[0m   [0;1mCOMMIT[0m
  [4;36;1mSQL (0.1ms)[0m   [0;1mSET SQL_AUTO_IS_NULL=0[0m
  [4;35;1mSQL (0.2ms)[0m   [0mSHOW TABLES[0m
  [4;36;1mSQL (0.0ms)[0m   [0;1mSELECT version FROM schema_migrations[0m
  [4;35;1mSQL (0.1ms)[0m   [0mSHOW TABLES[0m
  [4;36;1mSQL (0.0ms)[0m   [0;1mSELECT version FROM schema_migrations[0m
Migrating to CreateUsers (20091121201534)
  [4;35;1mSQL (4.3ms)[0m   [0mDROP TABLE `users`[0m
  [4;36;1mSQL (0.5ms)[0m   [0;1mDELETE FROM schema_migrations WHERE version = '20091121201534'[0m
Migrating to CreateConstants (20090123122436)
  [4;35;1mSQL (22.4ms)[0m   [0mDROP TABLE `constants`[0m
  [4;36;1mSQL (0.5ms)[0m   [0;1mDELETE FROM schema_migrations WHERE version = '20090123122436'[0m
  [4;35;1mSQL (0.2ms)[0m   [0mSHOW TABLES[0m
  [4;36;1mSQL (0.1ms)[0m   [0;1mSELECT version FROM schema_migrations[0m
  [4;35;1mSQL (0.1ms)[0m   [0mSHOW TABLES[0m
  [4;36;1mSQL (0.1ms)[0m   [0;1mSET SQL_AUTO_IS_NULL=0[0m
  [4;35;1mSQL (0.2ms)[0m   [0mSHOW TABLES[0m
  [4;36;1mSQL (0.1ms)[0m   [0;1mSELECT version FROM schema_migrations[0m
Migrating to CreateConstants (20090123122436)
  [4;35;1mSQL (5.1ms)[0m   [0mCREATE TABLE `constants` (`id` int(11) DEFAULT NULL auto_increment PRIMARY KEY, `name` varchar(255) DEFAULT '', `value` varchar(255) DEFAULT '', `server_type` varchar(255) DEFAULT '', `lang` varchar(255) DEFAULT '', `cast_as` varchar(255) DEFAULT '', `array` tinyint(1) DEFAULT 0, `active` tinyint(1) DEFAULT 1, `created_at` datetime, `updated_at` datetime) ENGINE=InnoDB[0m
  [4;36;1mSQL (4.7ms)[0m   [0;1mCREATE INDEX `index_constants_on_server_type` ON `constants` (`server_type`)[0m
  [4;35;1mSQL (10.4ms)[0m   [0mCREATE INDEX `index_constants_on_active` ON `constants` (`active`)[0m
  [4;36;1mSQL (5.3ms)[0m   [0;1mCREATE INDEX `index_constants_on_server_type_and_active` ON `constants` (`server_type`, `active`)[0m
  [4;35;1mSQL (5.7ms)[0m   [0mCREATE INDEX `index_constants_on_server_type_and_active_and_name` ON `constants` (`server_type`, `active`, `name`)[0m
  [4;36;1mSQL (5.6ms)[0m   [0;1mCREATE INDEX `index_constants_on_name` ON `constants` (`name`)[0m
  [4;35;1mSQL (6.3ms)[0m   [0mCREATE INDEX `index_constants_on_lang` ON `constants` (`lang`)[0m
  [4;36;1mSQL (7.3ms)[0m   [0;1mCREATE INDEX `index_constants_on_cast_as` ON `constants` (`cast_as`)[0m
  [4;35;1mConstant Load (0.4ms)[0m   [0mSELECT * FROM `constants` WHERE (`constants`.`active` = 1 AND `constants`.`name` = 'server_type') LIMIT 1[0m
  [4;36;1mConstant Load (0.2ms)[0m   [0;1mSELECT * FROM `constants` WHERE ((server_type = '' OR server_type = '') AND active AND NOT name = '') [0m
  [4;35;1mConstant Columns (0.6ms)[0m   [0mSHOW FIELDS FROM `constants`[0m
  [4;36;1mSQL (0.1ms)[0m   [0;1mBEGIN[0m
  [4;35;1mConstant Create (0.4ms)[0m   [0mINSERT INTO `constants` (`name`, `server_type`, `created_at`, `updated_at`, `array`, `value`, `lang`, `cast_as`, `active`) VALUES('server_type', '', '2009-11-22 13:01:51', '2009-11-22 13:01:51', 0, 'dev', '', '', 1)[0m
  [4;36;1mSQL (0.5ms)[0m   [0;1mCOMMIT[0m
  [4;35;1mSQL (0.0ms)[0m   [0mBEGIN[0m
  [4;36;1mConstant Create (0.2ms)[0m   [0;1mINSERT INTO `constants` (`name`, `server_type`, `created_at`, `updated_at`, `array`, `value`, `lang`, `cast_as`, `active`) VALUES('server_type', '', '2009-11-22 13:01:51', '2009-11-22 13:01:51', 0, 'prod', '', '', 0)[0m
  [4;35;1mSQL (0.4ms)[0m   [0mCOMMIT[0m
  [4;36;1mSQL (0.0ms)[0m   [0;1mBEGIN[0m
  [4;35;1mConstant Create (0.1ms)[0m   [0mINSERT INTO `constants` (`name`, `server_type`, `created_at`, `updated_at`, `array`, `value`, `lang`, `cast_as`, `active`) VALUES('server_type', '', '2009-11-22 13:01:51', '2009-11-22 13:01:51', 0, 'test', '', '', 0)[0m
  [4;36;1mSQL (0.4ms)[0m   [0;1mCOMMIT[0m
  [4;35;1mSQL (0.4ms)[0m   [0mINSERT INTO schema_migrations (version) VALUES ('20090123122436')[0m
Migrating to CreateUsers (20091121201534)
  [4;36;1mSQL (2.6ms)[0m   [0;1mCREATE TABLE `users` (`id` int(11) DEFAULT NULL auto_increment PRIMARY KEY, `email` varchar(255) NOT NULL, `username` varchar(255) NOT NULL, `password` varchar(255), `first_name` varchar(255) DEFAULT '', `last_name` varchar(255) DEFAULT '', `verified` tinyint(1) DEFAULT 0, `verification_code` varchar(255) DEFAULT '', `created_at` datetime, `updated_at` datetime) ENGINE=InnoDB[0m
  [4;35;1mSQL (4.9ms)[0m   [0mCREATE UNIQUE INDEX `index_users_on_email` ON `users` (`email`)[0m
  [4;36;1mSQL (5.3ms)[0m   [0;1mCREATE UNIQUE INDEX `index_users_on_username` ON `users` (`username`)[0m
  [4;35;1mSQL (0.5ms)[0m   [0mINSERT INTO schema_migrations (version) VALUES ('20091121201534')[0m
  [4;36;1mSQL (0.2ms)[0m   [0;1mSHOW TABLES[0m
  [4;35;1mSQL (0.1ms)[0m   [0mSELECT version FROM schema_migrations[0m
  [4;36;1mSQL (0.1ms)[0m   [0;1mSHOW TABLES[0m
  [4;35;1mSQL (0.6ms)[0m   [0mSHOW FIELDS FROM `constants`[0m
  [4;36;1mSQL (0.5ms)[0m   [0;1mdescribe `constants`[0m
  [4;35;1mSQL (0.3ms)[0m   [0mSHOW KEYS FROM `constants`[0m
  [4;36;1mSQL (0.6ms)[0m   [0;1mSHOW FIELDS FROM `users`[0m
  [4;35;1mSQL (0.5ms)[0m   [0mdescribe `users`[0m
  [4;36;1mSQL (0.2ms)[0m   [0;1mSHOW KEYS FROM `users`[0m
  [4;35;1mSQL (0.2ms)[0m   [0mSET SQL_AUTO_IS_NULL=0[0m
  [4;36;1mUser Columns (1.7ms)[0m   [0;1mSHOW FIELDS FROM `users`[0m
  [4;35;1mSQL (0.3ms)[0m   [0mBEGIN[0m
  [4;36;1mUser Exists (0.5ms)[0m   [0;1mSELECT `users`.id FROM `users` WHERE (`users`.`email` = BINARY 'rlmartin@gmail.com') LIMIT 1[0m
  [4;35;1mUser Exists (0.6ms)[0m   [0mSELECT `users`.id FROM `users` WHERE (`users`.`username` = BINARY 'ryan3') LIMIT 1[0m
  [4;36;1mUser Create (0.5ms)[0m   [0;1mINSERT INTO `users` (`created_at`, `updated_at`, `username`, `last_name`, `verified`, `verification_code`, `password`, `email`, `first_name`) VALUES('2009-11-22 13:02:24', '2009-11-22 13:02:24', 'ryan3', 'Martin', 0, '642d548e3e1aaf1b026686c1fefd7ef5', '005d343c2e2bdf0eb71e2880fef54140', 'rlmartin@gmail.com', 'Ryan')[0m
Sent mail to Ryan Martin <rlmartin@gmail.com>

From: noreply@mylo.gs
To: Ryan Martin <rlmartin@gmail.com>
Subject: Please verify your email address
Mime-Version: 1.0
Content-Type: text/plain; charset=utf-8

<html>
<body>
Dear Ryan Martin,<br />
Please click here to verify your email address. <a href='http://mylo.gs/users/ryan3/verify?code=642d548e3e1aaf1b026686c1fefd7ef5'>http://mylo.gs/users/ryan3/verify?code=642d548e3e1aaf1b026686c1fefd7ef5</a>.<br />
Thank you,<br />
MyLogs Admin
</body>
</html>
  [4;35;1mSQL (6.1ms)[0m   [0mCOMMIT[0m
  [4;36;1mSQL (0.3ms)[0m   [0;1mSET SQL_AUTO_IS_NULL=0[0m
  [4;35;1mUser Columns (1.8ms)[0m   [0mSHOW FIELDS FROM `users`[0m
  [4;36;1mSQL (0.1ms)[0m   [0;1mBEGIN[0m
  [4;35;1mUser Exists (0.5ms)[0m   [0mSELECT `users`.id FROM `users` WHERE (`users`.`email` = BINARY 'rlmartin@gmail.com') LIMIT 1[0m
  [4;36;1mUser Exists (0.3ms)[0m   [0;1mSELECT `users`.id FROM `users` WHERE (`users`.`username` = BINARY 'ryan3') LIMIT 1[0m
  [4;35;1mUser Create (0.5ms)[0m   [0mINSERT INTO `users` (`created_at`, `updated_at`, `username`, `last_name`, `verified`, `verification_code`, `password`, `email`, `first_name`) VALUES('2009-11-22 13:36:02', '2009-11-22 13:36:02', 'ryan3', 'Martin', 0, '8dae84d9b7179b030b1be88da1b38377', '005d343c2e2bdf0eb71e2880fef54140', 'rlmartin@gmail.com', 'Ryan')[0m
Sent mail to Ryan Martin <rlmartin@gmail.com>

From: noreply@mylo.gs
To: Ryan Martin <rlmartin@gmail.com>
Subject: Please verify your email address
Mime-Version: 1.0
Content-Type: text/html; charset=utf-8

<html>
<body>
Dear Ryan Martin,<br />
Please click here to verify your email address. <a href='http://mylo.gs/users/ryan3/verify?code=8dae84d9b7179b030b1be88da1b38377'>http://mylo.gs/users/ryan3/verify?code=8dae84d9b7179b030b1be88da1b38377</a>.<br />
Thank you,<br />
MyLogs Admin
</body>
</html>
  [4;36;1mSQL (12.5ms)[0m   [0;1mCOMMIT[0m
  [4;35;1mSQL (0.2ms)[0m   [0mSET SQL_AUTO_IS_NULL=0[0m
  [4;36;1mUser Columns (1.8ms)[0m   [0;1mSHOW FIELDS FROM `users`[0m
  [4;35;1mSQL (0.2ms)[0m   [0mBEGIN[0m
  [4;36;1mUser Exists (0.5ms)[0m   [0;1mSELECT `users`.id FROM `users` WHERE (`users`.`email` = BINARY 'rlmartin@gmail.com') LIMIT 1[0m
  [4;35;1mUser Exists (0.3ms)[0m   [0mSELECT `users`.id FROM `users` WHERE (`users`.`username` = BINARY 'ryan3') LIMIT 1[0m
  [4;36;1mUser Create (0.5ms)[0m   [0;1mINSERT INTO `users` (`created_at`, `updated_at`, `username`, `last_name`, `verified`, `verification_code`, `password`, `email`, `first_name`) VALUES('2009-11-22 13:43:22', '2009-11-22 13:43:22', 'ryan3', 'Martin', 0, '51cb1cb452ecf7e39e5c98b6e8fcc418', '005d343c2e2bdf0eb71e2880fef54140', 'rlmartin@gmail.com', 'Ryan')[0m
Sent mail to Ryan Martin <rlmartin@gmail.com>

From: noreply@mylo.gs
To: Ryan Martin <rlmartin@gmail.com>
Subject: Please verify your email address
Mime-Version: 1.0
Content-Type: multipart/alternative; boundary=mimepart_4b093ffa42180_1803..fdbe0a8de3c6


--mimepart_4b093ffa42180_1803..fdbe0a8de3c6
Content-Type: text/html; charset=utf-8
Content-Transfer-Encoding: Quoted-printable
Content-Disposition: inline

<html>
<body>
Dear Ryan Martin,<br />
Please click here to verify your email address. <a href=3D'http://mylo.gs=
/users/ryan3/verify?code=3D51cb1cb452ecf7e39e5c98b6e8fcc418'>http://mylo.=
gs/users/ryan3/verify?code=3D51cb1cb452ecf7e39e5c98b6e8fcc418</a>.<br />
Thank you,<br />
MyLogs Admin
</body>
</html>

--mimepart_4b093ffa42180_1803..fdbe0a8de3c6--
  [4;35;1mSQL (6.3ms)[0m   [0mCOMMIT[0m
  [4;36;1mSQL (0.2ms)[0m   [0;1mSET SQL_AUTO_IS_NULL=0[0m
  [4;35;1mUser Columns (1.9ms)[0m   [0mSHOW FIELDS FROM `users`[0m
  [4;36;1mSQL (0.2ms)[0m   [0;1mBEGIN[0m
  [4;35;1mUser Exists (0.5ms)[0m   [0mSELECT `users`.id FROM `users` WHERE (`users`.`email` = BINARY 'rlmartin@gmail.com') LIMIT 1[0m
  [4;36;1mUser Exists (0.3ms)[0m   [0;1mSELECT `users`.id FROM `users` WHERE (`users`.`username` = BINARY 'ryan3') LIMIT 1[0m
  [4;35;1mUser Create (1.0ms)[0m   [0mINSERT INTO `users` (`created_at`, `updated_at`, `username`, `last_name`, `verified`, `verification_code`, `password`, `email`, `first_name`) VALUES('2009-11-22 13:47:39', '2009-11-22 13:47:39', 'ryan3', 'Martin', 0, '8382308c3f375e4d187a6cb2ebaf9c9d', '005d343c2e2bdf0eb71e2880fef54140', 'rlmartin@gmail.com', 'Ryan')[0m
Sent mail to Ryan Martin <rlmartin@gmail.com>

From: noreply@mylo.gs
To: Ryan Martin <rlmartin@gmail.com>
Subject: Please verify your email address
Mime-Version: 1.0
Content-Type: multipart/alternative; boundary=mimepart_4b0940fb44e7f_1803..fdbe0a8de54a


--mimepart_4b0940fb44e7f_1803..fdbe0a8de54a
Content-Type: text/html; charset=utf-8
Content-Transfer-Encoding: Quoted-printable
Content-Disposition: inline

<html>
<body>
Dear Ryan Martin,<br />
Please click here to verify your email address. <a href=3D'http://mylo.gs=
/users/ryan3/verify?code=3D8382308c3f375e4d187a6cb2ebaf9c9d'>http://mylo.=
gs/users/ryan3/verify?code=3D8382308c3f375e4d187a6cb2ebaf9c9d</a>.<br />
Thank you,<br />
MyLogs Admin
</body>
</html>

--mimepart_4b0940fb44e7f_1803..fdbe0a8de54a--
  [4;36;1mSQL (8.5ms)[0m   [0;1mCOMMIT[0m
Sent mail to Ryan Martin <rlmartin@gmail.com>

From: noreply@mylo.gs
To: Ryan Martin <rlmartin@gmail.com>
Subject: Please verify your email address
Mime-Version: 1.0
Content-Type: multipart/alternative; boundary=mimepart_4b094173699b5_1803..fdbe0a8de7dc


--mimepart_4b094173699b5_1803..fdbe0a8de7dc
Content-Type: text/html; charset=utf-8
Content-Transfer-Encoding: Quoted-printable
Content-Disposition: inline

<html>
<body>
Dear Ryan Martin,<br />
Please click here to verify your email address. <a href=3D'http://mylo.gs=
/users/ryan3/verify?code=3D8382308c3f375e4d187a6cb2ebaf9c9d'>http://mylo.=
gs/users/ryan3/verify?code=3D8382308c3f375e4d187a6cb2ebaf9c9d</a>.<br />
Thank you,<br />
MyLogs Admin
</body>
</html>

--mimepart_4b094173699b5_1803..fdbe0a8de7dc--
Sent mail to Ryan Martin <rlmartin@gmail.com>

From: noreply@mylo.gs
To: Ryan Martin <rlmartin@gmail.com>
Subject: Please verify your email address
Mime-Version: 1.0
Content-Type: multipart/alternative; boundary=mimepart_4b094199e2a2c_1803..fdbe0a8de933


--mimepart_4b094199e2a2c_1803..fdbe0a8de933
Content-Type: text/html; charset=utf-8
Content-Transfer-Encoding: Quoted-printable
Content-Disposition: inline

<html>
<body>
Dear Ryan Martin,<br />
Please click here to verify your email address. <a href=3D'http://mylo.gs=
/users/ryan3/verify?code=3D8382308c3f375e4d187a6cb2ebaf9c9d'>http://mylo.=
gs/users/ryan3/verify?code=3D8382308c3f375e4d187a6cb2ebaf9c9d</a>.<br />
Thank you,<br />
MyLogs Admin
</body>
</html>

--mimepart_4b094199e2a2c_1803..fdbe0a8de933--
  [4;35;1mSQL (0.1ms)[0m   [0mSET SQL_AUTO_IS_NULL=0[0m
  [4;36;1mUser Columns (0.7ms)[0m   [0;1mSHOW FIELDS FROM `users`[0m
Sent mail to Ryan Martin <rlmartin@gmail.com>

Date: Sun, 22 Nov 2009 08:59:40 -0500
From: noreply@mylo.gs
To: Ryan Martin <rlmartin@gmail.com>
Subject: Please verify your email address
Mime-Version: 1.0
Content-Type: multipart/alternative; boundary=mimepart_4b0943cccd5bd_1803..fdbe0a8de111d


--mimepart_4b0943cccd5bd_1803..fdbe0a8de111d
Content-Type: text/html; charset=utf-8
Content-Transfer-Encoding: Quoted-printable
Content-Disposition: inline

<html>
<body>
Dear Ryan Martin,<br />
Please click here to verify your email address. <a href=3D'http://mylo.gs=
/users/ryan3/verify?code=3D8382308c3f375e4d187a6cb2ebaf9c9d'>http://mylo.=
gs/users/ryan3/verify?code=3D8382308c3f375e4d187a6cb2ebaf9c9d</a>.<br />
Thank you,<br />
MyLogs Admin
</body>
</html>

--mimepart_4b0943cccd5bd_1803..fdbe0a8de111d--
Sent mail to Ryan Martin <rlmartin@gmail.com>

Date: Sun, 22 Nov 2009 09:02:03 -0500
From: noreply@mylo.gs
To: Ryan Martin <rlmartin@gmail.com>
Subject: Please verify your email address
Mime-Version: 1.0
Content-Type: multipart/alternative; boundary=mimepart_4b09445b1b670_1803..fdbe0a8de13e


--mimepart_4b09445b1b670_1803..fdbe0a8de13e
Content-Type: text/html; charset=utf-8
Content-Transfer-Encoding: Quoted-printable
Content-Disposition: inline

<html>
<body>
Dear Ryan Martin,<br />
Please click here to verify your email address. <a href=3D'http://mylo.gs=
/users/ryan3/verify?code=3D8382308c3f375e4d187a6cb2ebaf9c9d'>http://mylo.=
gs/users/ryan3/verify?code=3D8382308c3f375e4d187a6cb2ebaf9c9d</a>.<br />
Thank you,<br />
MyLogs Admin
</body>
</html>

--mimepart_4b09445b1b670_1803..fdbe0a8de13e--
  [4;36;1mSQL (0.1ms)[0m   [0;1mSET SQL_AUTO_IS_NULL=0[0m
  [4;35;1mUser Load (0.2ms)[0m   [0mSELECT * FROM `users` ORDER BY users.id DESC LIMIT 1[0m
  [4;36;1mUser Columns (2.0ms)[0m   [0;1mSHOW FIELDS FROM `users`[0m
Sent mail to Ryan Martin <rlmartin@gmail.com>

Date: Sun, 22 Nov 2009 09:04:32 -0500
From: noreply@mylo.gs
To: Ryan Martin <rlmartin@gmail.com>
Subject: Please verify your email address
Mime-Version: 1.0
Content-Type: multipart/alternative; boundary=mimepart_4b0944f078573_1f87..fdbe8c8de1e0


--mimepart_4b0944f078573_1f87..fdbe8c8de1e0
Content-Type: text/html; charset=utf-8
Content-Transfer-Encoding: Quoted-printable
Content-Disposition: inline

<html>
<body>
Dear Ryan Martin,<br />
Please click here to verify your email address. <a href=3D'http://mylo.gs=
/users/ryan3/verify?code=3D8382308c3f375e4d187a6cb2ebaf9c9d'>http://mylo.=
gs/users/ryan3/verify?code=3D8382308c3f375e4d187a6cb2ebaf9c9d</a>.<br />
Thank you,<br />
MyLogs Admin
</body>
</html>

--mimepart_4b0944f078573_1f87..fdbe8c8de1e0--
  [4;36;1mSQL (0.2ms)[0m   [0;1mSET SQL_AUTO_IS_NULL=0[0m
  [4;35;1mUser Load (0.2ms)[0m   [0mSELECT * FROM `users` ORDER BY users.id DESC LIMIT 1[0m
  [4;36;1mUser Columns (1.8ms)[0m   [0;1mSHOW FIELDS FROM `users`[0m
Sent mail to Ryan Martin <rlmartin@gmail.com>

Date: Sun, 22 Nov 2009 09:14:03 -0500
From: noreply@mylo.gs
To: Ryan Martin <rlmartin@gmail.com>
Subject: Please verify your email address
Mime-Version: 1.0
Content-Type: multipart/alternative; boundary=mimepart_4b09472b45e1_2066..fdbe820dc12d


--mimepart_4b09472b45e1_2066..fdbe820dc12d
Content-Type: text/html; charset=utf-8
Content-Transfer-Encoding: Quoted-printable
Content-Disposition: inline

<html>
<body>
Dear Ryan Martin,<br />
Please click here to verify your email address. <a href=3D'http://mylo.gs=
/users/ryan3/verify?code=3D8382308c3f375e4d187a6cb2ebaf9c9d'>http://mylo.=
gs/users/ryan3/verify?code=3D8382308c3f375e4d187a6cb2ebaf9c9d</a>.<br />
Thank you,<br />
MyLogs Admin
</body>
</html>

--mimepart_4b09472b45e1_2066..fdbe820dc12d--
  [4;36;1mSQL (0.2ms)[0m   [0;1mSET SQL_AUTO_IS_NULL=0[0m
  [4;35;1mUser Load (0.1ms)[0m   [0mSELECT * FROM `users` ORDER BY users.id DESC LIMIT 1[0m
  [4;36;1mUser Columns (1.2ms)[0m   [0;1mSHOW FIELDS FROM `users`[0m
Sent mail to Ryan Martin <rlmartin@gmail.com>

Date: Sun, 22 Nov 2009 09:23:49 -0500
From: noreply@mylo.gs
To: Ryan Martin <rlmartin@gmail.com>
Subject: Please verify your email address
Mime-Version: 1.0
Content-Type: multipart/alternative; boundary=mimepart_4b09497513122_212c..fdbed30d6168


--mimepart_4b09497513122_212c..fdbed30d6168
Content-Type: text/html; charset=utf-8
Content-Transfer-Encoding: Quoted-printable
Content-Disposition: inline

<html>
<body>
Dear Ryan Martin,<br />
Please click here to verify your email address. <a href=3D'http://mylo.gs=
/users/ryan3/verify?code=3D8382308c3f375e4d187a6cb2ebaf9c9d'>http://mylo.=
gs/users/ryan3/verify?code=3D8382308c3f375e4d187a6cb2ebaf9c9d</a>.<br />
Thank you,<br />
MyLogs Admin
</body>
</html>

--mimepart_4b09497513122_212c..fdbed30d6168--
  [4;36;1mSQL (0.2ms)[0m   [0;1mSET SQL_AUTO_IS_NULL=0[0m
  [4;35;1mUser Load (0.2ms)[0m   [0mSELECT * FROM `users` ORDER BY users.id DESC LIMIT 1[0m
  [4;36;1mUser Columns (1.8ms)[0m   [0;1mSHOW FIELDS FROM `users`[0m
Sent mail to Ryan Martin <rlmartin@gmail.com>

Date: Sun, 22 Nov 2009 09:24:54 -0500
From: noreply@mylo.gs
To: Ryan Martin <rlmartin@gmail.com>
Subject: Please verify your email address
Mime-Version: 1.0
Content-Type: multipart/alternative; boundary=mimepart_4b0949b6c7f7b_2132..fdbe1f0d61a3


--mimepart_4b0949b6c7f7b_2132..fdbe1f0d61a3
Content-Type: text/html; charset=utf-8
Content-Transfer-Encoding: Quoted-printable
Content-Disposition: inline

<html>
<body>
Dear Ryan Martin,<br />
Please click here to verify your email address. <a href=3D'http://mylo.gs=
/users/ryan3/verify?code=3D8382308c3f375e4d187a6cb2ebaf9c9d'>http://mylo.=
gs/users/ryan3/verify?code=3D8382308c3f375e4d187a6cb2ebaf9c9d</a>.<br />
Thank you,<br />
MyLogs Admin
</body>
</html>

--mimepart_4b0949b6c7f7b_2132..fdbe1f0d61a3--
  [4;35;1mSQL (0.3ms)[0m   [0mBEGIN[0m
  [4;36;1mUser Exists (1.5ms)[0m   [0;1mSELECT `users`.id FROM `users` WHERE (`users`.`email` = BINARY 'rlmartin@gmail.com') LIMIT 1[0m
  [4;35;1mUser Exists (0.4ms)[0m   [0mSELECT `users`.id FROM `users` WHERE (`users`.`username` = BINARY 'ryan3') LIMIT 1[0m
  [4;36;1mUser Create (0.3ms)[0m   [0;1mINSERT INTO `users` (`created_at`, `updated_at`, `username`, `last_name`, `verified`, `verification_code`, `password`, `email`, `first_name`) VALUES('2009-11-22 14:26:49', '2009-11-22 14:26:49', 'ryan3', 'Martin2', 0, '7b5e9d841c5a2b64d498e8d7e66daa01', '005d343c2e2bdf0eb71e2880fef54140', 'rlmartin@gmail.com', 'Ryan1')[0m
Sent mail to Ryan1 Martin2 <rlmartin@gmail.com>

Date: Sun, 22 Nov 2009 09:26:49 -0500
From: noreply@mylo.gs
To: Ryan1 Martin2 <rlmartin@gmail.com>
Subject: Please verify your email address
Mime-Version: 1.0
Content-Type: multipart/alternative; boundary=mimepart_4b094a2928648_2132..fdbe1f0d64f4


--mimepart_4b094a2928648_2132..fdbe1f0d64f4
Content-Type: text/html; charset=utf-8
Content-Transfer-Encoding: Quoted-printable
Content-Disposition: inline

<html>
<body>
Dear Ryan1 Martin2,<br />
Please click here to verify your email address. <a href=3D'http://mylo.gs=
/users/ryan3/verify?code=3D7b5e9d841c5a2b64d498e8d7e66daa01'>http://mylo.=
gs/users/ryan3/verify?code=3D7b5e9d841c5a2b64d498e8d7e66daa01</a>.<br />
Thank you,<br />
MyLogs Admin
</body>
</html>

--mimepart_4b094a2928648_2132..fdbe1f0d64f4--
  [4;35;1mSQL (4.5ms)[0m   [0mCOMMIT[0m
  [4;36;1mSQL (0.2ms)[0m   [0;1mSET SQL_AUTO_IS_NULL=0[0m
  [4;35;1mUser Columns (2.0ms)[0m   [0mSHOW FIELDS FROM `users`[0m
Sent mail to Ryan1 Martin2 <rlmartin@gmail.com>

Date: Sun, 22 Nov 2009 09:28:07 -0500
From: MyLogs <noreply@mylo.gs>
To: Ryan1 Martin2 <rlmartin@gmail.com>
Subject: Please verify your email address
Mime-Version: 1.0
Content-Type: multipart/alternative; boundary=mimepart_4b094a77a09a9_2132..fdbe1f0d6755


--mimepart_4b094a77a09a9_2132..fdbe1f0d6755
Content-Type: text/html; charset=utf-8
Content-Transfer-Encoding: Quoted-printable
Content-Disposition: inline

<html>
<body>
Dear Ryan1 Martin2,<br />
Please click here to verify your email address. <a href=3D'http://mylo.gs=
/users/ryan3/verify?code=3D7b5e9d841c5a2b64d498e8d7e66daa01'>http://mylo.=
gs/users/ryan3/verify?code=3D7b5e9d841c5a2b64d498e8d7e66daa01</a>.<br />
Thank you,<br />
MyLogs Admin
</body>
</html>

--mimepart_4b094a77a09a9_2132..fdbe1f0d6755--
  [4;36;1mSQL (0.4ms)[0m   [0;1mSET SQL_AUTO_IS_NULL=0[0m
  [4;35;1mUser Columns (2.0ms)[0m   [0mSHOW FIELDS FROM `users`[0m
  [4;36;1mSQL (0.2ms)[0m   [0;1mBEGIN[0m
  [4;35;1mUser Exists (0.5ms)[0m   [0mSELECT `users`.id FROM `users` WHERE (`users`.`email` = BINARY 'rlmartin@gmail.com') LIMIT 1[0m
  [4;36;1mUser Exists (0.3ms)[0m   [0;1mSELECT `users`.id FROM `users` WHERE (`users`.`username` = BINARY 'ryan3') LIMIT 1[0m
  [4;35;1mUser Create (0.5ms)[0m   [0mINSERT INTO `users` (`created_at`, `updated_at`, `username`, `last_name`, `verified`, `verification_code`, `password`, `email`, `first_name`) VALUES('2009-11-22 14:29:33', '2009-11-22 14:29:33', 'ryan3', 'Martin3', 0, '69dfa08f0140ed90e2e9fbda96e798a5', '005d343c2e2bdf0eb71e2880fef54140', 'rlmartin@gmail.com', 'Ryan1')[0m
Sent mail to Ryan1 Martin3 <rlmartin@gmail.com>

Date: Sun, 22 Nov 2009 09:29:33 -0500
From: MyLogs <noreply@mylo.gs>
To: Ryan1 Martin3 <rlmartin@gmail.com>
Subject: Please verify your email address
Mime-Version: 1.0
Content-Type: multipart/alternative; boundary=mimepart_4b094acd4a59d_2132..fdbe1f0d6107e


--mimepart_4b094acd4a59d_2132..fdbe1f0d6107e
Content-Type: text/html; charset=utf-8
Content-Transfer-Encoding: Quoted-printable
Content-Disposition: inline

<html>
<body>
Dear Ryan1 Martin3,<br />
Please click here to verify your email address. <a href=3D'http://mylo.gs=
/users/ryan3/verify?code=3D69dfa08f0140ed90e2e9fbda96e798a5'>http://mylo.=
gs/users/ryan3/verify?code=3D69dfa08f0140ed90e2e9fbda96e798a5</a>.<br />
Thank you,<br />
MyLogs Admin
</body>
</html>

--mimepart_4b094acd4a59d_2132..fdbe1f0d6107e--
  [4;36;1mSQL (4.9ms)[0m   [0;1mCOMMIT[0m
  [4;36;1mSQL (0.1ms)[0m   [0;1mSET SQL_AUTO_IS_NULL=0[0m


Processing SessionsController#new (for 127.0.0.1 at 2009-11-22 09:47:22) [GET]
Rendering sessions/new
Completed in 7ms (View: 5, DB: 0) | 200 OK [http://localhost/session/new]
  [4;35;1mSQL (0.2ms)[0m   [0mSET SQL_AUTO_IS_NULL=0[0m


Processing SessionsController#new (for 127.0.0.1 at 2009-11-22 09:51:49) [GET]
Rendering sessions/new
Completed in 57ms (View: 52, DB: 0) | 200 OK [http://localhost/session/new]
  [4;36;1mSQL (0.2ms)[0m   [0;1mSET SQL_AUTO_IS_NULL=0[0m


Processing SessionsController#new (for 127.0.0.1 at 2009-11-22 09:52:02) [GET]
Rendering sessions/new
Completed in 15ms (View: 10, DB: 0) | 200 OK [http://localhost/session/new]
  [4;35;1mSQL (0.2ms)[0m   [0mSET SQL_AUTO_IS_NULL=0[0m


Processing SessionsController#create (for 127.0.0.1 at 2009-11-22 09:54:38) [POST]
  Parameters: {"commit"=>"Login", "authenticity_token"=>"GC347Z6PHzrs1SYX7Knt7jTJRpmRhsHu/EtaboMA7V4=", "password"=>"tewuwei", "email"=>"rlmartin@gmail.com"}
  [4;36;1mUser Columns (1.8ms)[0m   [0;1mSHOW FIELDS FROM `users`[0m
  [4;35;1mUser Load (0.3ms)[0m   [0mSELECT * FROM `users` WHERE (`users`.`password` = '005d343c2e2bdf0eb71e2880fef54140' AND `users`.`email` = 'rlmartin@gmail.com') LIMIT 1[0m
Redirected to http://localhost:3000/
Completed in 36ms (DB: 2) | 302 Found [http://localhost/session]
  [4;36;1mSQL (0.1ms)[0m   [0;1mSET SQL_AUTO_IS_NULL=0[0m


Processing SessionsController#new (for 127.0.0.1 at 2009-11-22 09:54:42) [GET]
Rendering sessions/new
Completed in 9ms (View: 3, DB: 0) | 200 OK [http://localhost/session/new]
  [4;35;1mSQL (0.1ms)[0m   [0mSET SQL_AUTO_IS_NULL=0[0m


Processing SessionsController#create (for 127.0.0.1 at 2009-11-22 09:54:45) [POST]
  Parameters: {"commit"=>"Login", "authenticity_token"=>"GC347Z6PHzrs1SYX7Knt7jTJRpmRhsHu/EtaboMA7V4=", "password"=>"dddd", "email"=>"rlmartin@gmail.com"}
  [4;36;1mUser Columns (1.9ms)[0m   [0;1mSHOW FIELDS FROM `users`[0m
  [4;35;1mUser Load (0.5ms)[0m   [0mSELECT * FROM `users` WHERE (`users`.`password` = '11ddbaf3386aea1f2974eee984542152' AND `users`.`email` = 'rlmartin@gmail.com') LIMIT 1[0m
Rendering sessions/new
Completed in 24ms (View: 3, DB: 3) | 200 OK [http://localhost/session]
  [4;36;1mSQL (0.2ms)[0m   [0;1mSET SQL_AUTO_IS_NULL=0[0m


Processing ApplicationController#new (for 127.0.0.1 at 2009-11-22 09:59:31) [GET]

NameError (uninitialized constant SessionController):
  

Rendered rescues/_trace (33.9ms)
Rendered rescues/_request_and_response (1.2ms)
Rendering rescues/layout (internal_server_error)
  [4;35;1mSQL (0.2ms)[0m   [0mSET SQL_AUTO_IS_NULL=0[0m


Processing SessionsController#new (for 127.0.0.1 at 2009-11-22 09:59:41) [GET]
Rendering sessions/new

ActionView::TemplateError (undefined local variable or method `session_path' for #<ActionView::Base:0xb7616f90>) on line #1 of app/views/sessions/new.html.erb:
1: <% form_tag session_path do %>
2: <div>Please log in.</div>
3: <div class='input_prompt'>Email:</div>
4: <div class='input_field'><%= text_field_tag 'email' %></div>

    app/views/sessions/new.html.erb:1

Rendered rescues/_trace (71.5ms)
Rendered rescues/_request_and_response (0.3ms)
Rendering rescues/layout (internal_server_error)
  [4;36;1mSQL (0.2ms)[0m   [0;1mSET SQL_AUTO_IS_NULL=0[0m


Processing SessionsController#new (for 127.0.0.1 at 2009-11-22 10:00:25) [GET]
Rendering sessions/new
Completed in 6ms (View: 4, DB: 0) | 200 OK [http://localhost/login]
  [4;35;1mSQL (0.2ms)[0m   [0mSET SQL_AUTO_IS_NULL=0[0m


Processing SessionsController#new (for 127.0.0.1 at 2009-11-22 10:00:39) [POST]
  Parameters: {"commit"=>"Login", "authenticity_token"=>"GC347Z6PHzrs1SYX7Knt7jTJRpmRhsHu/EtaboMA7V4=", "password"=>"tewuwei", "email"=>"rlmartin@gmail.com"}
Rendering sessions/new
Completed in 8ms (View: 2, DB: 0) | 200 OK [http://localhost/login]
  [4;36;1mSQL (0.1ms)[0m   [0;1mSET SQL_AUTO_IS_NULL=0[0m


Processing SessionsController#new (for 127.0.0.1 at 2009-11-22 10:00:46) [POST]
  Parameters: {"commit"=>"Login", "authenticity_token"=>"GC347Z6PHzrs1SYX7Knt7jTJRpmRhsHu/EtaboMA7V4=", "password"=>"tewuwei", "email"=>"rlmartin@gmail.com"}
Rendering sessions/new
Completed in 9ms (View: 3, DB: 0) | 200 OK [http://localhost/login]
  [4;35;1mSQL (0.2ms)[0m   [0mSET SQL_AUTO_IS_NULL=0[0m


Processing SessionsController#new (for 127.0.0.1 at 2009-11-22 10:01:45) [POST]
  Parameters: {"commit"=>"Login", "authenticity_token"=>"GC347Z6PHzrs1SYX7Knt7jTJRpmRhsHu/EtaboMA7V4=", "password"=>"tewuwei", "email"=>"rlmartin@gmail.com"}
Rendering sessions/new
Completed in 16ms (View: 10, DB: 0) | 200 OK [http://localhost/login]
  [4;36;1mSQL (0.2ms)[0m   [0;1mSET SQL_AUTO_IS_NULL=0[0m


Processing SessionsController#new (for 127.0.0.1 at 2009-11-22 10:01:49) [POST]
  Parameters: {"commit"=>"Login", "authenticity_token"=>"GC347Z6PHzrs1SYX7Knt7jTJRpmRhsHu/EtaboMA7V4=", "password"=>"sdfds", "email"=>"rlmartin@gmail.com"}
Rendering sessions/new
Completed in 9ms (View: 3, DB: 0) | 200 OK [http://localhost/login]
  [4;35;1mSQL (0.4ms)[0m   [0mSET SQL_AUTO_IS_NULL=0[0m


Processing SessionsController#create (for 127.0.0.1 at 2009-11-22 10:03:05) [POST]
  Parameters: {"commit"=>"Login", "authenticity_token"=>"GC347Z6PHzrs1SYX7Knt7jTJRpmRhsHu/EtaboMA7V4=", "password"=>"dsds", "email"=>"rlmartin@gmail.com"}
  [4;36;1mUser Columns (2.0ms)[0m   [0;1mSHOW FIELDS FROM `users`[0m
  [4;35;1mUser Load (0.5ms)[0m   [0mSELECT * FROM `users` WHERE (`users`.`password` = '4ab47e54c2f73ad4c0eb3974709721cd' AND `users`.`email` = 'rlmartin@gmail.com') LIMIT 1[0m
Rendering sessions/new
Completed in 23ms (View: 2, DB: 3) | 200 OK [http://localhost/login]
  [4;36;1mSQL (0.2ms)[0m   [0;1mSET SQL_AUTO_IS_NULL=0[0m


Processing SessionsController#create (for 127.0.0.1 at 2009-11-22 10:03:10) [POST]
  Parameters: {"commit"=>"Login", "authenticity_token"=>"GC347Z6PHzrs1SYX7Knt7jTJRpmRhsHu/EtaboMA7V4=", "password"=>"tewuwei", "email"=>"rlmartin@gmail.com"}
  [4;35;1mUser Columns (3.2ms)[0m   [0mSHOW FIELDS FROM `users`[0m
  [4;36;1mUser Load (0.1ms)[0m   [0;1mSELECT * FROM `users` WHERE (`users`.`password` = '005d343c2e2bdf0eb71e2880fef54140' AND `users`.`email` = 'rlmartin@gmail.com') LIMIT 1[0m
Redirected to http://localhost:3000/
Completed in 20ms (DB: 3) | 302 Found [http://localhost/login]
  [4;35;1mSQL (0.2ms)[0m   [0mSET SQL_AUTO_IS_NULL=0[0m


Processing SessionsController#destroy (for 127.0.0.1 at 2009-11-22 10:05:41) [GET]
Rendering sessions/destroy
Completed in 7ms (View: 5, DB: 0) | 200 OK [http://localhost/logout]
  [4;36;1mSQL (0.2ms)[0m   [0;1mSET SQL_AUTO_IS_NULL=0[0m


Processing SessionsController#new (for 127.0.0.1 at 2009-11-22 10:05:43) [GET]
Rendering sessions/new
Completed in 9ms (View: 3, DB: 0) | 200 OK [http://localhost/login]
  [4;35;1mSQL (0.2ms)[0m   [0mSET SQL_AUTO_IS_NULL=0[0m


Processing SessionsController#new (for 127.0.0.1 at 2009-11-22 10:05:46) [GET]
Rendering sessions/new
Completed in 9ms (View: 4, DB: 0) | 200 OK [http://localhost/login]
  [4;36;1mSQL (0.2ms)[0m   [0;1mSET SQL_AUTO_IS_NULL=0[0m


Processing SessionsController#create (for 127.0.0.1 at 2009-11-22 10:05:50) [POST]
  Parameters: {"commit"=>"Login", "authenticity_token"=>"GC347Z6PHzrs1SYX7Knt7jTJRpmRhsHu/EtaboMA7V4=", "password"=>"sfd", "email"=>"rlmartin@gmail.com"}
  [4;35;1mUser Columns (11.6ms)[0m   [0mSHOW FIELDS FROM `users`[0m
  [4;36;1mUser Load (4.0ms)[0m   [0;1mSELECT * FROM `users` WHERE (`users`.`password` = 'c15291784c5c9ff1ffee12d66399ad80' AND `users`.`email` = 'rlmartin@gmail.com') LIMIT 1[0m
Rendering sessions/new
Completed in 37ms (View: 3, DB: 16) | 200 OK [http://localhost/login]
  [4;35;1mSQL (0.1ms)[0m   [0mSET SQL_AUTO_IS_NULL=0[0m


Processing SessionsController#create (for 127.0.0.1 at 2009-11-22 10:05:54) [POST]
  Parameters: {"commit"=>"Login", "authenticity_token"=>"GC347Z6PHzrs1SYX7Knt7jTJRpmRhsHu/EtaboMA7V4=", "password"=>"sfd", "email"=>"rlmartin@gmail.com"}
  [4;36;1mUser Columns (0.9ms)[0m   [0;1mSHOW FIELDS FROM `users`[0m
  [4;35;1mUser Load (0.1ms)[0m   [0mSELECT * FROM `users` WHERE (`users`.`password` = 'c15291784c5c9ff1ffee12d66399ad80' AND `users`.`email` = 'rlmartin@gmail.com') LIMIT 1[0m
Rendering sessions/new
Completed in 59ms (View: 1, DB: 1) | 200 OK [http://localhost/login]
  [4;36;1mSQL (0.2ms)[0m   [0;1mSET SQL_AUTO_IS_NULL=0[0m


Processing SessionsController#new (for 127.0.0.1 at 2009-11-22 10:05:58) [GET]
Rendering sessions/new
Completed in 9ms (View: 3, DB: 0) | 200 OK [http://localhost/login]
  [4;35;1mSQL (0.1ms)[0m   [0mSET SQL_AUTO_IS_NULL=0[0m


Processing SessionsController#new (for 127.0.0.1 at 2009-11-22 10:06:00) [GET]
Rendering sessions/new
Completed in 3ms (View: 2, DB: 0) | 200 OK [http://localhost/login]
  [4;36;1mSQL (0.2ms)[0m   [0;1mSET SQL_AUTO_IS_NULL=0[0m


Processing SessionsController#new (for 127.0.0.1 at 2009-11-22 10:06:02) [GET]
Rendering sessions/new
Completed in 9ms (View: 3, DB: 0) | 200 OK [http://localhost/login]
  [4;35;1mSQL (0.2ms)[0m   [0mSET SQL_AUTO_IS_NULL=0[0m


Processing SessionsController#new (for 127.0.0.1 at 2009-11-22 10:06:03) [GET]
Rendering sessions/new
Completed in 9ms (View: 4, DB: 0) | 200 OK [http://localhost/login]
  [4;36;1mSQL (0.1ms)[0m   [0;1mSET SQL_AUTO_IS_NULL=0[0m


Processing SessionsController#create (for 127.0.0.1 at 2009-11-22 10:10:41) [POST]
  Parameters: {"commit"=>"Login", "action"=>"create", "authenticity_token"=>"GC347Z6PHzrs1SYX7Knt7jTJRpmRhsHu/EtaboMA7V4=", "controller"=>"sessions", "password"=>"[FILTERED]", "email"=>"rlmartin@gmail.com"}
  [4;35;1mUser Columns (0.7ms)[0m   [0mSHOW FIELDS FROM `users`[0m
  [4;36;1mUser Load (0.1ms)[0m   [0;1mSELECT * FROM `users` WHERE (`users`.`password` = '005d343c2e2bdf0eb71e2880fef54140' AND `users`.`email` = 'rlmartin@gmail.com') LIMIT 1[0m
Redirected to http://localhost:3000/
Completed in 8ms (DB: 1) | 302 Found [http://localhost/login]
  [4;35;1mSQL (0.2ms)[0m   [0mSET SQL_AUTO_IS_NULL=0[0m


Processing SessionsController#new (for 127.0.0.1 at 2009-11-22 10:12:30) [GET]
  Parameters: {"action"=>"new", "controller"=>"sessions"}
Rendering sessions/new

ActionView::TemplateError (undefined method `checkbox_field_tag' for #<ActionView::Base:0xb75e254c>) on line #8 of app/views/sessions/new.html.erb:
5: <div class='input_field'><%= text_field_tag 'email' %></div>
6: <div class='input_prompt'>Password:</div>
7: <div class='input_field'><%= password_field_tag 'password' %></div>
8: <div class='input_field'><%= checkbox_field_tag 'remember_me' %> Remember me on this computer</div>
9: <div><%= submit_tag 'Login' %></div>
10: <% end %>

    app/views/sessions/new.html.erb:8
    app/views/sessions/new.html.erb:1

Rendered rescues/_trace (93.1ms)
Rendered rescues/_request_and_response (0.3ms)
Rendering rescues/layout (internal_server_error)
  [4;36;1mSQL (0.2ms)[0m   [0;1mSET SQL_AUTO_IS_NULL=0[0m


Processing SessionsController#new (for 127.0.0.1 at 2009-11-22 10:13:28) [GET]
  Parameters: {"action"=>"new", "controller"=>"sessions"}
Rendering sessions/new
Completed in 17ms (View: 12, DB: 0) | 200 OK [http://localhost/login]
  [4;36;1mSQL (0.5ms)[0m   [0;1mSET SQL_AUTO_IS_NULL=0[0m


Processing ApplicationController#create (for 127.0.0.1 at 2009-11-22 10:18:52) [POST]
  Parameters: {"remember_me"=>"1", "commit"=>"Login", "action"=>"create", "authenticity_token"=>"GC347Z6PHzrs1SYX7Knt7jTJRpmRhsHu/EtaboMA7V4=", "controller"=>"sessions", "password"=>"[FILTERED]", "email"=>"rlmartin@gmail.com"}

SyntaxError (/share/websites/rails/mylo.gs/app/controllers/sessions_controller.rb:11: syntax error, unexpected ':'
			else: cookies[:user_id] = nil end
			     ^):
  

Rendered rescues/_trace (34.8ms)
Rendered rescues/_request_and_response (1.4ms)
Rendering rescues/layout (internal_server_error)
  [4;35;1mSQL (0.1ms)[0m   [0mSET SQL_AUTO_IS_NULL=0[0m


Processing SessionsController#create (for 127.0.0.1 at 2009-11-22 10:19:02) [POST]
  Parameters: {"remember_me"=>"1", "commit"=>"Login", "action"=>"create", "authenticity_token"=>"GC347Z6PHzrs1SYX7Knt7jTJRpmRhsHu/EtaboMA7V4=", "controller"=>"sessions", "password"=>"[FILTERED]", "email"=>"rlmartin@gmail.com"}
  [4;36;1mUser Columns (2.7ms)[0m   [0;1mSHOW FIELDS FROM `users`[0m
  [4;35;1mUser Load (0.1ms)[0m   [0mSELECT * FROM `users` WHERE (`users`.`password` = '005d343c2e2bdf0eb71e2880fef54140' AND `users`.`email` = 'rlmartin@gmail.com') LIMIT 1[0m
Redirected to http://localhost:3000/
Completed in 34ms (DB: 3) | 302 Found [http://localhost/login]
  [4;36;1mSQL (0.2ms)[0m   [0;1mSET SQL_AUTO_IS_NULL=0[0m


Processing ApplicationController#new (for 127.0.0.1 at 2009-11-22 10:39:10) [GET]
  Parameters: {"action"=>"new", "controller"=>"sessions"}

NameError (uninitialized constant SessionsController::AESCrypt):
  app/controllers/sessions_controller.rb:2

Rendered rescues/_trace (118.9ms)
Rendered rescues/_request_and_response (0.3ms)
Rendering rescues/layout (internal_server_error)
  [4;35;1mSQL (0.4ms)[0m   [0mSET SQL_AUTO_IS_NULL=0[0m


Processing ApplicationController#new (for 127.0.0.1 at 2009-11-22 10:39:25) [GET]
  Parameters: {"action"=>"new", "controller"=>"sessions"}

NameError (uninitialized constant SessionsController::AESCrypt):
  app/controllers/sessions_controller.rb:2

Rendered rescues/_trace (83.3ms)
Rendered rescues/_request_and_response (0.3ms)
Rendering rescues/layout (internal_server_error)
  [4;36;1mSQL (0.2ms)[0m   [0;1mSET SQL_AUTO_IS_NULL=0[0m


Processing SessionsController#new (for 127.0.0.1 at 2009-11-22 10:40:48) [GET]
  Parameters: {"action"=>"new", "controller"=>"sessions"}
Rendering sessions/new
Completed in 8ms (View: 7, DB: 0) | 200 OK [http://localhost/login]
  [4;35;1mSQL (0.2ms)[0m   [0mSET SQL_AUTO_IS_NULL=0[0m


Processing SessionsController#create (for 127.0.0.1 at 2009-11-22 10:40:55) [POST]
  Parameters: {"remember_me"=>"1", "commit"=>"Login", "action"=>"create", "authenticity_token"=>"GC347Z6PHzrs1SYX7Knt7jTJRpmRhsHu/EtaboMA7V4=", "controller"=>"sessions", "password"=>"[FILTERED]", "email"=>"rlmartin@gmail.com"}
  [4;36;1mUser Columns (0.8ms)[0m   [0;1mSHOW FIELDS FROM `users`[0m
  [4;35;1mUser Load (0.1ms)[0m   [0mSELECT * FROM `users` WHERE (`users`.`password` = '005d343c2e2bdf0eb71e2880fef54140' AND `users`.`email` = 'rlmartin@gmail.com') LIMIT 1[0m

TypeError (can't convert Fixnum into String):
  app/helpers/aes_crypt.rb:42:in `update'
  app/helpers/aes_crypt.rb:42:in `encrypt_full'
  app/helpers/aes_crypt.rb:45:in `encrypt'
  app/controllers/sessions_controller.rb:12:in `create'

Rendered rescues/_trace (95.2ms)
Rendered rescues/_request_and_response (0.3ms)
Rendering rescues/layout (internal_server_error)
  [4;36;1mSQL (0.1ms)[0m   [0;1mSET SQL_AUTO_IS_NULL=0[0m


Processing SessionsController#create (for 127.0.0.1 at 2009-11-22 10:41:10) [POST]
  Parameters: {"remember_me"=>"1", "commit"=>"Login", "action"=>"create", "authenticity_token"=>"GC347Z6PHzrs1SYX7Knt7jTJRpmRhsHu/EtaboMA7V4=", "controller"=>"sessions", "password"=>"[FILTERED]", "email"=>"rlmartin@gmail.com"}
  [4;35;1mUser Columns (0.8ms)[0m   [0mSHOW FIELDS FROM `users`[0m
  [4;36;1mUser Load (0.1ms)[0m   [0;1mSELECT * FROM `users` WHERE (`users`.`password` = '005d343c2e2bdf0eb71e2880fef54140' AND `users`.`email` = 'rlmartin@gmail.com') LIMIT 1[0m

TypeError (can't convert Fixnum into String):
  app/helpers/aes_crypt.rb:42:in `update'
  app/helpers/aes_crypt.rb:42:in `encrypt_full'
  app/helpers/aes_crypt.rb:45:in `encrypt'
  app/controllers/sessions_controller.rb:12:in `create'

Rendered rescues/_trace (38.2ms)
Rendered rescues/_request_and_response (0.3ms)
Rendering rescues/layout (internal_server_error)
  [4;35;1mSQL (0.2ms)[0m   [0mSET SQL_AUTO_IS_NULL=0[0m


Processing SessionsController#create (for 127.0.0.1 at 2009-11-22 10:44:57) [POST]
  Parameters: {"remember_me"=>"1", "commit"=>"Login", "action"=>"create", "authenticity_token"=>"GC347Z6PHzrs1SYX7Knt7jTJRpmRhsHu/EtaboMA7V4=", "controller"=>"sessions", "password"=>"[FILTERED]", "email"=>"rlmartin@gmail.com"}
  [4;36;1mUser Columns (1.9ms)[0m   [0;1mSHOW FIELDS FROM `users`[0m
  [4;35;1mUser Load (0.3ms)[0m   [0mSELECT * FROM `users` WHERE (`users`.`password` = '005d343c2e2bdf0eb71e2880fef54140' AND `users`.`email` = 'rlmartin@gmail.com') LIMIT 1[0m

TypeError (can't convert Fixnum into String):
  app/helpers/aes_crypt.rb:42:in `update'
  app/helpers/aes_crypt.rb:42:in `encrypt_full'
  app/helpers/aes_crypt.rb:45:in `encrypt'
  app/controllers/sessions_controller.rb:12:in `create'

Rendered rescues/_trace (88.0ms)
Rendered rescues/_request_and_response (0.4ms)
Rendering rescues/layout (internal_server_error)
  [4;36;1mSQL (0.1ms)[0m   [0;1mSET SQL_AUTO_IS_NULL=0[0m


Processing SessionsController#create (for 127.0.0.1 at 2009-11-22 10:45:46) [POST]
  Parameters: {"remember_me"=>"1", "commit"=>"Login", "action"=>"create", "authenticity_token"=>"GC347Z6PHzrs1SYX7Knt7jTJRpmRhsHu/EtaboMA7V4=", "controller"=>"sessions", "password"=>"[FILTERED]", "email"=>"rlmartin@gmail.com"}
  [4;35;1mUser Columns (2.0ms)[0m   [0mSHOW FIELDS FROM `users`[0m
  [4;36;1mUser Load (0.4ms)[0m   [0;1mSELECT * FROM `users` WHERE (`users`.`password` = '005d343c2e2bdf0eb71e2880fef54140' AND `users`.`email` = 'rlmartin@gmail.com') LIMIT 1[0m

TypeError (can't convert Fixnum into String):
  app/helpers/aes_crypt.rb:42:in `update'
  app/helpers/aes_crypt.rb:42:in `encrypt_full'
  app/helpers/aes_crypt.rb:45:in `encrypt'
  app/controllers/sessions_controller.rb:12:in `create'

Rendered rescues/_trace (47.8ms)
Rendered rescues/_request_and_response (0.4ms)
Rendering rescues/layout (internal_server_error)
  [4;35;1mSQL (0.1ms)[0m   [0mSET SQL_AUTO_IS_NULL=0[0m


Processing SessionsController#create (for 127.0.0.1 at 2009-11-22 10:48:25) [POST]
  Parameters: {"remember_me"=>"1", "commit"=>"Login", "action"=>"create", "authenticity_token"=>"GC347Z6PHzrs1SYX7Knt7jTJRpmRhsHu/EtaboMA7V4=", "controller"=>"sessions", "password"=>"[FILTERED]", "email"=>"rlmartin@gmail.com"}
  [4;36;1mUser Columns (2.0ms)[0m   [0;1mSHOW FIELDS FROM `users`[0m
  [4;35;1mUser Load (0.2ms)[0m   [0mSELECT * FROM `users` WHERE (`users`.`password` = '005d343c2e2bdf0eb71e2880fef54140' AND `users`.`email` = 'rlmartin@gmail.com') LIMIT 1[0m

TypeError (can't convert Fixnum into String):
  app/helpers/aes_crypt.rb:42:in `update'
  app/helpers/aes_crypt.rb:42:in `encrypt_full'
  app/helpers/aes_crypt.rb:45:in `encrypt'
  app/controllers/sessions_controller.rb:12:in `create'

Rendered rescues/_trace (86.9ms)
Rendered rescues/_request_and_response (0.4ms)
Rendering rescues/layout (internal_server_error)
  [4;36;1mSQL (0.1ms)[0m   [0;1mSET SQL_AUTO_IS_NULL=0[0m


Processing SessionsController#create (for 127.0.0.1 at 2009-11-22 10:57:45) [POST]
  Parameters: {"remember_me"=>"1", "commit"=>"Login", "action"=>"create", "authenticity_token"=>"GC347Z6PHzrs1SYX7Knt7jTJRpmRhsHu/EtaboMA7V4=", "controller"=>"sessions", "password"=>"[FILTERED]", "email"=>"rlmartin@gmail.com"}
  [4;35;1mUser Columns (2.2ms)[0m   [0mSHOW FIELDS FROM `users`[0m
  [4;36;1mUser Load (0.2ms)[0m   [0;1mSELECT * FROM `users` WHERE (`users`.`password` = '005d343c2e2bdf0eb71e2880fef54140' AND `users`.`email` = 'rlmartin@gmail.com') LIMIT 1[0m

ArgumentError (wrong number of arguments (1 for 0)):
  app/controllers/sessions_controller.rb:12:in `id'
  app/controllers/sessions_controller.rb:12:in `create'

Rendered rescues/_trace (47.3ms)
Rendered rescues/_request_and_response (0.4ms)
Rendering rescues/layout (internal_server_error)
  [4;36;1mSQL (0.1ms)[0m   [0;1mSET SQL_AUTO_IS_NULL=0[0m


Processing SessionsController#create (for 127.0.0.1 at 2009-11-22 10:59:39) [POST]
  Parameters: {"remember_me"=>"1", "commit"=>"Login", "action"=>"create", "authenticity_token"=>"GC347Z6PHzrs1SYX7Knt7jTJRpmRhsHu/EtaboMA7V4=", "controller"=>"sessions", "password"=>"[FILTERED]", "email"=>"rlmartin@gmail.com"}
  [4;35;1mUser Columns (0.9ms)[0m   [0mSHOW FIELDS FROM `users`[0m
  [4;36;1mUser Load (0.1ms)[0m   [0;1mSELECT * FROM `users` WHERE (`users`.`password` = '005d343c2e2bdf0eb71e2880fef54140' AND `users`.`email` = 'rlmartin@gmail.com') LIMIT 1[0m

ArgumentError (wrong number of arguments (1 for 0)):
  app/controllers/sessions_controller.rb:10:in `id'
  app/controllers/sessions_controller.rb:10:in `create'

Rendered rescues/_trace (38.7ms)
Rendered rescues/_request_and_response (1.3ms)
Rendering rescues/layout (internal_server_error)
  [4;35;1mSQL (0.2ms)[0m   [0mSET SQL_AUTO_IS_NULL=0[0m


Processing SessionsController#create (for 127.0.0.1 at 2009-11-22 11:00:00) [POST]
  Parameters: {"remember_me"=>"1", "commit"=>"Login", "action"=>"create", "authenticity_token"=>"GC347Z6PHzrs1SYX7Knt7jTJRpmRhsHu/EtaboMA7V4=", "controller"=>"sessions", "password"=>"[FILTERED]", "email"=>"rlmartin@gmail.com"}
  [4;36;1mUser Columns (1.9ms)[0m   [0;1mSHOW FIELDS FROM `users`[0m
  [4;35;1mUser Load (0.2ms)[0m   [0mSELECT * FROM `users` WHERE (`users`.`password` = '005d343c2e2bdf0eb71e2880fef54140' AND `users`.`email` = 'rlmartin@gmail.com') LIMIT 1[0m

TypeError (can't convert Fixnum into String):
  lib/encryption.rb:16:in `update'
  lib/encryption.rb:16:in `aes'
  lib/encryption.rb:6:in `encrypt'
  app/controllers/sessions_controller.rb:10:in `create'

Rendered rescues/_trace (120.4ms)
Rendered rescues/_request_and_response (0.4ms)
Rendering rescues/layout (internal_server_error)
  [4;36;1mSQL (0.2ms)[0m   [0;1mSET SQL_AUTO_IS_NULL=0[0m


Processing SessionsController#create (for 127.0.0.1 at 2009-11-22 11:01:00) [POST]
  Parameters: {"remember_me"=>"1", "commit"=>"Login", "action"=>"create", "authenticity_token"=>"GC347Z6PHzrs1SYX7Knt7jTJRpmRhsHu/EtaboMA7V4=", "controller"=>"sessions", "password"=>"[FILTERED]", "email"=>"rlmartin@gmail.com"}
  [4;35;1mUser Columns (1.9ms)[0m   [0mSHOW FIELDS FROM `users`[0m
  [4;36;1mUser Load (0.2ms)[0m   [0;1mSELECT * FROM `users` WHERE (`users`.`password` = '005d343c2e2bdf0eb71e2880fef54140' AND `users`.`email` = 'rlmartin@gmail.com') LIMIT 1[0m

TypeError (can't convert Fixnum into String):
  lib/encryption.rb:16:in `update'
  lib/encryption.rb:16:in `aes'
  lib/encryption.rb:6:in `encrypt'
  app/controllers/sessions_controller.rb:10:in `create'

Rendered rescues/_trace (37.8ms)
Rendered rescues/_request_and_response (0.8ms)
Rendering rescues/layout (internal_server_error)
  [4;35;1mSQL (0.1ms)[0m   [0mSET SQL_AUTO_IS_NULL=0[0m


Processing SessionsController#create (for 127.0.0.1 at 2009-11-22 11:06:17) [POST]
  Parameters: {"remember_me"=>"1", "commit"=>"Login", "action"=>"create", "authenticity_token"=>"GC347Z6PHzrs1SYX7Knt7jTJRpmRhsHu/EtaboMA7V4=", "controller"=>"sessions", "password"=>"[FILTERED]", "email"=>"rlmartin@gmail.com"}
  [4;36;1mUser Columns (2.4ms)[0m   [0;1mSHOW FIELDS FROM `users`[0m
  [4;35;1mUser Load (0.2ms)[0m   [0mSELECT * FROM `users` WHERE (`users`.`password` = '005d343c2e2bdf0eb71e2880fef54140' AND `users`.`email` = 'rlmartin@gmail.com') LIMIT 1[0m

TypeError (can't convert Fixnum into String):
  lib/encryption.rb:16:in `pack'
  lib/encryption.rb:16:in `aes'
  lib/encryption.rb:6:in `encrypt'
  app/controllers/sessions_controller.rb:10:in `create'

Rendered rescues/_trace (96.3ms)
Rendered rescues/_request_and_response (0.4ms)
Rendering rescues/layout (internal_server_error)
  [4;36;1mSQL (0.1ms)[0m   [0;1mSET SQL_AUTO_IS_NULL=0[0m


Processing SessionsController#create (for 127.0.0.1 at 2009-11-22 11:10:05) [POST]
  Parameters: {"remember_me"=>"1", "commit"=>"Login", "action"=>"create", "authenticity_token"=>"GC347Z6PHzrs1SYX7Knt7jTJRpmRhsHu/EtaboMA7V4=", "controller"=>"sessions", "password"=>"[FILTERED]", "email"=>"rlmartin@gmail.com"}
  [4;35;1mUser Columns (2.0ms)[0m   [0mSHOW FIELDS FROM `users`[0m
  [4;36;1mUser Load (0.2ms)[0m   [0;1mSELECT * FROM `users` WHERE (`users`.`password` = '005d343c2e2bdf0eb71e2880fef54140' AND `users`.`email` = 'rlmartin@gmail.com') LIMIT 1[0m

TypeError (can't convert Fixnum into String):
  lib/encryption.rb:16:in `update'
  lib/encryption.rb:16:in `aes'
  lib/encryption.rb:6:in `encrypt'
  app/controllers/sessions_controller.rb:10:in `create'

Rendered rescues/_trace (73.9ms)
Rendered rescues/_request_and_response (0.3ms)
Rendering rescues/layout (internal_server_error)
  [4;35;1mSQL (0.2ms)[0m   [0mSET SQL_AUTO_IS_NULL=0[0m


Processing SessionsController#create (for 127.0.0.1 at 2009-11-22 11:10:26) [POST]
  Parameters: {"remember_me"=>"1", "commit"=>"Login", "action"=>"create", "authenticity_token"=>"GC347Z6PHzrs1SYX7Knt7jTJRpmRhsHu/EtaboMA7V4=", "controller"=>"sessions", "password"=>"[FILTERED]", "email"=>"rlmartin@gmail.com"}
  [4;36;1mUser Columns (2.1ms)[0m   [0;1mSHOW FIELDS FROM `users`[0m
  [4;35;1mUser Load (0.2ms)[0m   [0mSELECT * FROM `users` WHERE (`users`.`password` = '005d343c2e2bdf0eb71e2880fef54140' AND `users`.`email` = 'rlmartin@gmail.com') LIMIT 1[0m

TypeError (can't convert Fixnum into String):
  lib/encryption.rb:16:in `update'
  lib/encryption.rb:16:in `aes'
  lib/encryption.rb:6:in `encrypt'
  app/controllers/sessions_controller.rb:10:in `create'

Rendered rescues/_trace (88.4ms)
Rendered rescues/_request_and_response (0.4ms)
Rendering rescues/layout (internal_server_error)
  [4;36;1mSQL (0.2ms)[0m   [0;1mSET SQL_AUTO_IS_NULL=0[0m


Processing SessionsController#create (for 127.0.0.1 at 2009-11-22 11:11:34) [POST]
  Parameters: {"remember_me"=>"1", "commit"=>"Login", "action"=>"create", "authenticity_token"=>"GC347Z6PHzrs1SYX7Knt7jTJRpmRhsHu/EtaboMA7V4=", "controller"=>"sessions", "password"=>"[FILTERED]", "email"=>"rlmartin@gmail.com"}
  [4;35;1mUser Columns (0.7ms)[0m   [0mSHOW FIELDS FROM `users`[0m
  [4;36;1mUser Load (0.1ms)[0m   [0;1mSELECT * FROM `users` WHERE (`users`.`password` = '005d343c2e2bdf0eb71e2880fef54140' AND `users`.`email` = 'rlmartin@gmail.com') LIMIT 1[0m

NoMethodError (undefined method `pack' for "G\253\255\n[\263$`\256?g1":String):
  app/helpers/aes_crypt.rb:45:in `encrypt'
  app/controllers/sessions_controller.rb:12:in `create'

Rendered rescues/_trace (36.6ms)
Rendered rescues/_request_and_response (0.3ms)
Rendering rescues/layout (internal_server_error)
  [4;35;1mSQL (0.2ms)[0m   [0mSET SQL_AUTO_IS_NULL=0[0m


Processing SessionsController#create (for 127.0.0.1 at 2009-11-22 11:12:05) [POST]
  Parameters: {"remember_me"=>"1", "commit"=>"Login", "action"=>"create", "authenticity_token"=>"GC347Z6PHzrs1SYX7Knt7jTJRpmRhsHu/EtaboMA7V4=", "controller"=>"sessions", "password"=>"[FILTERED]", "email"=>"rlmartin@gmail.com"}
  [4;36;1mUser Columns (1.9ms)[0m   [0;1mSHOW FIELDS FROM `users`[0m
  [4;35;1mUser Load (0.1ms)[0m   [0mSELECT * FROM `users` WHERE (`users`.`password` = '005d343c2e2bdf0eb71e2880fef54140' AND `users`.`email` = 'rlmartin@gmail.com') LIMIT 1[0m
Redirected to http://localhost:3000/
Completed in 20ms (DB: 2) | 302 Found [http://localhost/login]
  [4;36;1mSQL (0.2ms)[0m   [0;1mSET SQL_AUTO_IS_NULL=0[0m


Processing SessionsController#create (for 127.0.0.1 at 2009-11-22 11:14:29) [POST]
  Parameters: {"commit"=>"Login", "action"=>"create", "authenticity_token"=>"GC347Z6PHzrs1SYX7Knt7jTJRpmRhsHu/EtaboMA7V4=", "controller"=>"sessions", "password"=>"[FILTERED]", "email"=>"rlmartin@gmail.com"}
  [4;35;1mUser Columns (0.8ms)[0m   [0mSHOW FIELDS FROM `users`[0m
  [4;36;1mUser Load (0.1ms)[0m   [0;1mSELECT * FROM `users` WHERE (`users`.`password` = '005d343c2e2bdf0eb71e2880fef54140' AND `users`.`email` = 'rlmartin@gmail.com') LIMIT 1[0m
Redirected to http://localhost:3000/
Completed in 15ms (DB: 1) | 302 Found [http://localhost/login]
  [4;35;1mSQL (0.1ms)[0m   [0mSET SQL_AUTO_IS_NULL=0[0m


Processing SessionsController#create (for 127.0.0.1 at 2009-11-22 11:14:57) [POST]
  Parameters: {"remember_me"=>"1", "commit"=>"Login", "action"=>"create", "authenticity_token"=>"GC347Z6PHzrs1SYX7Knt7jTJRpmRhsHu/EtaboMA7V4=", "controller"=>"sessions", "password"=>"[FILTERED]", "email"=>"rlmartin@gmail.com"}
  [4;36;1mUser Columns (1.9ms)[0m   [0;1mSHOW FIELDS FROM `users`[0m
  [4;35;1mUser Load (0.4ms)[0m   [0mSELECT * FROM `users` WHERE (`users`.`password` = '005d343c2e2bdf0eb71e2880fef54140' AND `users`.`email` = 'rlmartin@gmail.com') LIMIT 1[0m
Redirected to http://localhost:3000/
Completed in 40ms (DB: 2) | 302 Found [http://localhost/login]
  [4;36;1mSQL (0.1ms)[0m   [0;1mSET SQL_AUTO_IS_NULL=0[0m


Processing SessionsController#new (for 127.0.0.1 at 2009-11-22 11:15:50) [GET]
  Parameters: {"action"=>"new", "controller"=>"sessions"}
Rendering sessions/new
Completed in 35ms (View: 17, DB: 0) | 200 OK [http://localhost/login]
  [4;35;1mSQL (0.1ms)[0m   [0mSET SQL_AUTO_IS_NULL=0[0m


Processing SessionsController#new (for 127.0.0.1 at 2009-11-22 11:24:31) [GET]
  Parameters: {"action"=>"new", "controller"=>"sessions"}

NoMethodError (You have a nil object when you didn't expect it!
The error occurred while evaluating nil.>):
  app/controllers/sessions_controller.rb:4:in `new'

Rendered rescues/_trace (85.0ms)
Rendered rescues/_request_and_response (1.2ms)
Rendering rescues/layout (internal_server_error)
  [4;36;1mSQL (0.1ms)[0m   [0;1mSET SQL_AUTO_IS_NULL=0[0m


Processing SessionsController#new (for 127.0.0.1 at 2009-11-22 11:25:16) [GET]
  Parameters: {"action"=>"new", "controller"=>"sessions"}
Redirected to http://localhost:3000/
Completed in 18ms (DB: 0) | 302 Found [http://localhost/login]
  [4;35;1mSQL (0.2ms)[0m   [0mSET SQL_AUTO_IS_NULL=0[0m


Processing SessionsController#destroy (for 127.0.0.1 at 2009-11-22 11:25:21) [GET]
  Parameters: {"action"=>"destroy", "controller"=>"sessions"}
Rendering sessions/destroy
Completed in 8ms (View: 3, DB: 0) | 200 OK [http://localhost/logout]
  [4;36;1mSQL (0.1ms)[0m   [0;1mSET SQL_AUTO_IS_NULL=0[0m


Processing SessionsController#new (for 127.0.0.1 at 2009-11-22 11:25:23) [GET]
  Parameters: {"action"=>"new", "controller"=>"sessions"}

ArgumentError (data must not be empty):
  lib/aes_crypt.rb:20:in `update'
  lib/aes_crypt.rb:20:in `decrypt_full'
  lib/aes_crypt.rb:23:in `decrypt'
  app/controllers/sessions_controller.rb:3:in `new'

Rendered rescues/_trace (72.5ms)
Rendered rescues/_request_and_response (0.3ms)
Rendering rescues/layout (internal_server_error)
  [4;35;1mSQL (0.1ms)[0m   [0mSET SQL_AUTO_IS_NULL=0[0m


Processing SessionsController#new (for 127.0.0.1 at 2009-11-22 11:25:49) [GET]
  Parameters: {"action"=>"new", "controller"=>"sessions"}

ArgumentError (data must not be empty):
  lib/aes_crypt.rb:20:in `update'
  lib/aes_crypt.rb:20:in `decrypt_full'
  lib/aes_crypt.rb:23:in `decrypt'
  app/controllers/sessions_controller.rb:3:in `new'

Rendered rescues/_trace (116.3ms)
Rendered rescues/_request_and_response (0.3ms)
Rendering rescues/layout (internal_server_error)
  [4;36;1mSQL (0.2ms)[0m   [0;1mSET SQL_AUTO_IS_NULL=0[0m


Processing SessionsController#new (for 127.0.0.1 at 2009-11-22 11:26:46) [GET]
  Parameters: {"action"=>"new", "controller"=>"sessions"}

ArgumentError (data must not be empty):
  lib/aes_crypt.rb:20:in `update'
  lib/aes_crypt.rb:20:in `decrypt_full'
  lib/aes_crypt.rb:23:in `decrypt'
  app/controllers/sessions_controller.rb:3:in `new'

Rendered rescues/_trace (61.0ms)
Rendered rescues/_request_and_response (0.3ms)
Rendering rescues/layout (internal_server_error)
  [4;35;1mSQL (0.2ms)[0m   [0mSET SQL_AUTO_IS_NULL=0[0m


Processing SessionsController#new (for 127.0.0.1 at 2009-11-22 11:27:54) [GET]
  Parameters: {"action"=>"new", "controller"=>"sessions"}
Rendering sessions/new
Completed in 9ms (View: 3, DB: 0) | 200 OK [http://localhost/login]
  [4;36;1mSQL (0.1ms)[0m   [0;1mSET SQL_AUTO_IS_NULL=0[0m


Processing SessionsController#new (for 127.0.0.1 at 2009-11-22 11:28:04) [GET]
  Parameters: {"action"=>"new", "controller"=>"sessions"}
Rendering sessions/new
Completed in 4ms (View: 1, DB: 0) | 200 OK [http://localhost/login]
  [4;35;1mSQL (0.1ms)[0m   [0mSET SQL_AUTO_IS_NULL=0[0m


Processing SessionsController#new (for 127.0.0.1 at 2009-11-22 11:28:11) [GET]
  Parameters: {"action"=>"new", "controller"=>"sessions"}
Rendering sessions/new
Completed in 9ms (View: 3, DB: 0) | 200 OK [http://localhost/login]
  [4;36;1mSQL (0.1ms)[0m   [0;1mSET SQL_AUTO_IS_NULL=0[0m


Processing SessionsController#new (for 127.0.0.1 at 2009-11-22 11:29:19) [GET]
  Parameters: {"action"=>"new", "controller"=>"sessions"}
Rendering sessions/new
Completed in 21ms (View: 3, DB: 0) | 200 OK [http://localhost/login]
  [4;35;1mSQL (0.2ms)[0m   [0mSET SQL_AUTO_IS_NULL=0[0m


Processing SessionsController#new (for 127.0.0.1 at 2009-11-22 11:29:29) [GET]
  Parameters: {"action"=>"new", "controller"=>"sessions"}
Rendering sessions/new
Completed in 9ms (View: 3, DB: 0) | 200 OK [http://localhost/login]
  [4;36;1mSQL (0.2ms)[0m   [0;1mSET SQL_AUTO_IS_NULL=0[0m


Processing SessionsController#new (for 127.0.0.1 at 2009-11-22 11:29:38) [GET]
  Parameters: {"action"=>"new", "controller"=>"sessions"}
Rendering sessions/new
Completed in 9ms (View: 3, DB: 0) | 200 OK [http://localhost/login]
  [4;35;1mSQL (0.1ms)[0m   [0mSET SQL_AUTO_IS_NULL=0[0m


Processing SessionsController#new (for 127.0.0.1 at 2009-11-22 11:30:01) [GET]
  Parameters: {"action"=>"new", "controller"=>"sessions"}
Rendering sessions/new
Completed in 3ms (View: 1, DB: 0) | 200 OK [http://localhost/login]
  [4;36;1mSQL (0.2ms)[0m   [0;1mSET SQL_AUTO_IS_NULL=0[0m


Processing SessionsController#create (for 127.0.0.1 at 2009-11-22 11:30:08) [POST]
  Parameters: {"remember_me"=>"1", "commit"=>"Login", "action"=>"create", "authenticity_token"=>"GC347Z6PHzrs1SYX7Knt7jTJRpmRhsHu/EtaboMA7V4=", "controller"=>"sessions", "password"=>"[FILTERED]", "email"=>"rlmartin@gmail.com"}
  [4;35;1mUser Columns (1.9ms)[0m   [0mSHOW FIELDS FROM `users`[0m
  [4;36;1mUser Load (0.3ms)[0m   [0;1mSELECT * FROM `users` WHERE (`users`.`password` = '005d343c2e2bdf0eb71e2880fef54140' AND `users`.`email` = 'rlmartin@gmail.com') LIMIT 1[0m
Redirected to http://localhost:3000/
Completed in 35ms (DB: 2) | 302 Found [http://localhost/login]
  [4;35;1mSQL (0.1ms)[0m   [0mSET SQL_AUTO_IS_NULL=0[0m


Processing SessionsController#new (for 127.0.0.1 at 2009-11-22 11:30:19) [GET]
  Parameters: {"action"=>"new", "controller"=>"sessions"}
Redirected to http://localhost:3000/
Completed in 2ms (DB: 0) | 302 Found [http://localhost/login]
